

Microchip Technology PIC LITE Macro Assembler V2.00 build -1524193055 
                                                                                               Tue Dec  4 00:16:36 2018

Microchip Technology Omniscient Code Generator v2.00 (Free mode) build 20180527130849
     1  0000                     
      + 0000                     
     2                           ; Version 2.00
     3                           ; Generated 27/05/2018 GMT
     4                           
     5                           ; 
     6                           ; Copyright © 2018, Microchip Technology Inc. and its subsidiaries ("Microchip")
     7                           ; All rights reserved.
     8                           ; 
     9                           ; This software is developed by Microchip Technology Inc. and its subsidiaries ("Microch
                                 ip").
    10                           ; 
    11                           ; Redistribution and use in source and binary forms, with or without modification, are
    12                           ; permitted provided that the following conditions are met:
    13                           ; 
    14                           ;     1. Redistributions of source code must retain the above copyright notice, this lis
                                 t of
    15                           ;        conditions and the following disclaimer.
    16                           ; 
    17                           ;     2. Redistributions in binary form must reproduce the above copyright notice, this 
                                 list
    18                           ;        of conditions and the following disclaimer in the documentation and/or other
    19                           ;        materials provided with the distribution.
    20                           ; 
    21                           ;     3. Microchip's name may not be used to endorse or promote products derived from th
                                 is
    22                           ;        software without specific prior written permission.
    23                           ; 
    24                           ; THIS SOFTWARE IS PROVIDED BY MICROCHIP "AS IS" AND ANY EXPRESS OR IMPLIED WARRANTIES,

    25                           ; INCLUDING, BUT NOT LIMITED TO, THE IMPLIED WARRANTIES OF MERCHANTABILITY AND FITNESS F
                                 OR
    26                           ; PURPOSE ARE DISCLAIMED.  IN NO EVENT SHALL MICROCHIP BE LIABLE FOR ANY DIRECT, INDIREC
                                 T,
    27                           ; INCIDENTAL, SPECIAL, EXEMPLARY, OR CONSEQUENTIAL DAMAGES (INCLUDING BUT NOT LIMITED TO
                                 
    28                           ; PROCUREMENT OF SUBSTITUTE GOODS OR SERVICES; LOSS OF USE, DATA OR PROFITS; OR BUSINESS
                                 
    29                           ; INTERRUPTION) HOWSOEVER CAUSED AND ON ANY THEORY OF LIABILITY, WHETHER IN CONTRACT, ST
                                 RICT
    30                           ; LIABILITY, OR TORT (INCLUDING NEGLIGENCE OR OTHERWISE) ARISING IN ANY WAY OUT OF THE U
                                 SE OF
    31                           ; THIS SOFTWARE, EVEN IF ADVISED OF THE POSSIBILITY OF SUCH DAMAGE.
    32                           ; 
    33                           
    34                           
    35                           ; 
    36                           ; Code-generator required, PIC16F887 Definitions
    37                           ; 
    38  0004                     fsr0 equ 04h
    39  0004                     indf equ 00h
    40  0000                     indf0 equ 00h
    41  0000                     pc equ 02h
    42  0002                     pcl equ 02h
    43  0002                     pclath equ 0Ah
    44  000A                     status equ 03h
    45  0003                     
     2                           opt pagewidth 120
     3  0000                     byte0	macro	val
     4                           	(getbyte(val,0))
     5                           endm
     6  0000                     byte1	macro	val
     7                           	(getbyte(val,1))
     8                           endm
     9  0000                     byte2	macro	val
    10                           	(getbyte(val,2))
    11                           endm
    12  0000                     byte3	macro	val
    13                           	(getbyte(val,3))
    14                           endm
    15  0000                     byte4	macro	val
    16                           	(getbyte(val,4))
    17                           endm
    18  0000                     byte5	macro	val
    19                           	(getbyte(val,5))
    20                           endm
    21  0000                     byte6	macro	val
    22                           	(getbyte(val,6))
    23                           endm
    24  0000                     byte7	macro	val
    25                           	(getbyte(val,7))
    26                           endm
    27  0000                     getword	macro	val,pos
    28                           	(((val) >> (8 * pos)) and 0xffff)
    29                           endm
    30  0000                     word0	macro	val
    31                           	(getword(val,0))
    32                           endm
    33  0000                     word1	macro	val
    34                           	(getword(val,2))
    35                           endm
    36  0000                     word2	macro	val
    37                           	(getword(val,4))
    38                           endm
    39  0000                     word3	macro	val
    40                           	(getword(val,6))
    41                           endm
    42  0000                     gettword	macro	val,pos
    43                           	(((val) >> (8 * pos)) and 0xffffff)
    44                           endm
    45  0000                     tword0	macro	val
    46                           	(gettword(val,0))
    47                           endm
    48  0000                     tword1	macro	val
    49                           	(gettword(val,3))
    50                           endm
    51  0000                     tword2	macro	val
    52                           	(gettword(val,6))
    53                           endm
    54  0000                     getdword	macro	val,pos
    55                           	(((val) >> (8 * pos)) and 0xffffffff)
    56                           endm
    57  0000                     dword0	macro	val
    58                           	(getdword(val,0))
    59                           endm
    60  0000                     dword1	macro	val
    61                           	(getdword(val,4))
    62                           endm
    63  0000                     clrc	macro
    64                           	bcf	3,0
    65                           	endm
    66  0000                     clrz	macro
    67                           	bcf	3,2
    68                           	endm
    69  0000                     setc	macro
    70                           	bsf	3,0
    71                           	endm
    72  0000                     setz	macro
    73                           	bsf	3,2
    74                           	endm
    75  0000                     skipc	macro
    76                           	btfss	3,0
    77                           	endm
    78  0000                     skipz	macro
    79                           	btfss	3,2
    80                           	endm
    81  0000                     skipnc	macro
    82                           	btfsc	3,0
    83                           	endm
    84  0000                     skipnz	macro
    85                           	btfsc	3,2
    86                           	endm
    87  0000                     # 54 "/opt/microchip/xc8/v2.00/pic/include/pic16f887.h"
    88                           INDF equ 00h ;# 
    89  0000                     # 61 "/opt/microchip/xc8/v2.00/pic/include/pic16f887.h"
    90                           TMR0 equ 01h ;# 
    91  0001                     # 68 "/opt/microchip/xc8/v2.00/pic/include/pic16f887.h"
    92                           PCL equ 02h ;# 
    93  0002                     # 75 "/opt/microchip/xc8/v2.00/pic/include/pic16f887.h"
    94                           STATUS equ 03h ;# 
    95  0003                     # 161 "/opt/microchip/xc8/v2.00/pic/include/pic16f887.h"
    96                           FSR equ 04h ;# 
    97  0004                     # 168 "/opt/microchip/xc8/v2.00/pic/include/pic16f887.h"
    98                           PORTA equ 05h ;# 
    99  0005                     # 230 "/opt/microchip/xc8/v2.00/pic/include/pic16f887.h"
   100                           PORTB equ 06h ;# 
   101  0006                     # 292 "/opt/microchip/xc8/v2.00/pic/include/pic16f887.h"
   102                           PORTC equ 07h ;# 
   103  0007                     # 354 "/opt/microchip/xc8/v2.00/pic/include/pic16f887.h"
   104                           PORTD equ 08h ;# 
   105  0008                     # 416 "/opt/microchip/xc8/v2.00/pic/include/pic16f887.h"
   106                           PORTE equ 09h ;# 
   107  0009                     # 454 "/opt/microchip/xc8/v2.00/pic/include/pic16f887.h"
   108                           PCLATH equ 0Ah ;# 
   109  000A                     # 461 "/opt/microchip/xc8/v2.00/pic/include/pic16f887.h"
   110                           INTCON equ 0Bh ;# 
   111  000B                     # 539 "/opt/microchip/xc8/v2.00/pic/include/pic16f887.h"
   112                           PIR1 equ 0Ch ;# 
   113  000C                     # 595 "/opt/microchip/xc8/v2.00/pic/include/pic16f887.h"
   114                           PIR2 equ 0Dh ;# 
   115  000D                     # 652 "/opt/microchip/xc8/v2.00/pic/include/pic16f887.h"
   116                           TMR1 equ 0Eh ;# 
   117  000E                     # 659 "/opt/microchip/xc8/v2.00/pic/include/pic16f887.h"
   118                           TMR1L equ 0Eh ;# 
   119  000E                     # 666 "/opt/microchip/xc8/v2.00/pic/include/pic16f887.h"
   120                           TMR1H equ 0Fh ;# 
   121  000F                     # 673 "/opt/microchip/xc8/v2.00/pic/include/pic16f887.h"
   122                           T1CON equ 010h ;# 
   123  0010                     # 767 "/opt/microchip/xc8/v2.00/pic/include/pic16f887.h"
   124                           TMR2 equ 011h ;# 
   125  0011                     # 774 "/opt/microchip/xc8/v2.00/pic/include/pic16f887.h"
   126                           T2CON equ 012h ;# 
   127  0012                     # 845 "/opt/microchip/xc8/v2.00/pic/include/pic16f887.h"
   128                           SSPBUF equ 013h ;# 
   129  0013                     # 852 "/opt/microchip/xc8/v2.00/pic/include/pic16f887.h"
   130                           SSPCON equ 014h ;# 
   131  0014                     # 922 "/opt/microchip/xc8/v2.00/pic/include/pic16f887.h"
   132                           CCPR1 equ 015h ;# 
   133  0015                     # 929 "/opt/microchip/xc8/v2.00/pic/include/pic16f887.h"
   134                           CCPR1L equ 015h ;# 
   135  0015                     # 936 "/opt/microchip/xc8/v2.00/pic/include/pic16f887.h"
   136                           CCPR1H equ 016h ;# 
   137  0016                     # 943 "/opt/microchip/xc8/v2.00/pic/include/pic16f887.h"
   138                           CCP1CON equ 017h ;# 
   139  0017                     # 1040 "/opt/microchip/xc8/v2.00/pic/include/pic16f887.h"
   140                           RCSTA equ 018h ;# 
   141  0018                     # 1135 "/opt/microchip/xc8/v2.00/pic/include/pic16f887.h"
   142                           TXREG equ 019h ;# 
   143  0019                     # 1142 "/opt/microchip/xc8/v2.00/pic/include/pic16f887.h"
   144                           RCREG equ 01Ah ;# 
   145  001A                     # 1149 "/opt/microchip/xc8/v2.00/pic/include/pic16f887.h"
   146                           CCPR2 equ 01Bh ;# 
   147  001B                     # 1156 "/opt/microchip/xc8/v2.00/pic/include/pic16f887.h"
   148                           CCPR2L equ 01Bh ;# 
   149  001B                     # 1163 "/opt/microchip/xc8/v2.00/pic/include/pic16f887.h"
   150                           CCPR2H equ 01Ch ;# 
   151  001C                     # 1170 "/opt/microchip/xc8/v2.00/pic/include/pic16f887.h"
   152                           CCP2CON equ 01Dh ;# 
   153  001D                     # 1240 "/opt/microchip/xc8/v2.00/pic/include/pic16f887.h"
   154                           ADRESH equ 01Eh ;# 
   155  001E                     # 1247 "/opt/microchip/xc8/v2.00/pic/include/pic16f887.h"
   156                           ADCON0 equ 01Fh ;# 
   157  001F                     # 1348 "/opt/microchip/xc8/v2.00/pic/include/pic16f887.h"
   158                           OPTION_REG equ 081h ;# 
   159  0081                     # 1418 "/opt/microchip/xc8/v2.00/pic/include/pic16f887.h"
   160                           TRISA equ 085h ;# 
   161  0085                     # 1480 "/opt/microchip/xc8/v2.00/pic/include/pic16f887.h"
   162                           TRISB equ 086h ;# 
   163  0086                     # 1542 "/opt/microchip/xc8/v2.00/pic/include/pic16f887.h"
   164                           TRISC equ 087h ;# 
   165  0087                     # 1604 "/opt/microchip/xc8/v2.00/pic/include/pic16f887.h"
   166                           TRISD equ 088h ;# 
   167  0088                     # 1666 "/opt/microchip/xc8/v2.00/pic/include/pic16f887.h"
   168                           TRISE equ 089h ;# 
   169  0089                     # 1704 "/opt/microchip/xc8/v2.00/pic/include/pic16f887.h"
   170                           PIE1 equ 08Ch ;# 
   171  008C                     # 1760 "/opt/microchip/xc8/v2.00/pic/include/pic16f887.h"
   172                           PIE2 equ 08Dh ;# 
   173  008D                     # 1817 "/opt/microchip/xc8/v2.00/pic/include/pic16f887.h"
   174                           PCON equ 08Eh ;# 
   175  008E                     # 1864 "/opt/microchip/xc8/v2.00/pic/include/pic16f887.h"
   176                           OSCCON equ 08Fh ;# 
   177  008F                     # 1929 "/opt/microchip/xc8/v2.00/pic/include/pic16f887.h"
   178                           OSCTUNE equ 090h ;# 
   179  0090                     # 1981 "/opt/microchip/xc8/v2.00/pic/include/pic16f887.h"
   180                           SSPCON2 equ 091h ;# 
   181  0091                     # 2043 "/opt/microchip/xc8/v2.00/pic/include/pic16f887.h"
   182                           PR2 equ 092h ;# 
   183  0092                     # 2050 "/opt/microchip/xc8/v2.00/pic/include/pic16f887.h"
   184                           SSPADD equ 093h ;# 
   185  0093                     # 2057 "/opt/microchip/xc8/v2.00/pic/include/pic16f887.h"
   186                           SSPMSK equ 093h ;# 
   187  0093                     # 2062 "/opt/microchip/xc8/v2.00/pic/include/pic16f887.h"
   188                           MSK equ 093h ;# 
   189  0093                     # 2179 "/opt/microchip/xc8/v2.00/pic/include/pic16f887.h"
   190                           SSPSTAT equ 094h ;# 
   191  0094                     # 2348 "/opt/microchip/xc8/v2.00/pic/include/pic16f887.h"
   192                           WPUB equ 095h ;# 
   193  0095                     # 2418 "/opt/microchip/xc8/v2.00/pic/include/pic16f887.h"
   194                           IOCB equ 096h ;# 
   195  0096                     # 2488 "/opt/microchip/xc8/v2.00/pic/include/pic16f887.h"
   196                           VRCON equ 097h ;# 
   197  0097                     # 2558 "/opt/microchip/xc8/v2.00/pic/include/pic16f887.h"
   198                           TXSTA equ 098h ;# 
   199  0098                     # 2644 "/opt/microchip/xc8/v2.00/pic/include/pic16f887.h"
   200                           SPBRG equ 099h ;# 
   201  0099                     # 2706 "/opt/microchip/xc8/v2.00/pic/include/pic16f887.h"
   202                           SPBRGH equ 09Ah ;# 
   203  009A                     # 2776 "/opt/microchip/xc8/v2.00/pic/include/pic16f887.h"
   204                           PWM1CON equ 09Bh ;# 
   205  009B                     # 2846 "/opt/microchip/xc8/v2.00/pic/include/pic16f887.h"
   206                           ECCPAS equ 09Ch ;# 
   207  009C                     # 2928 "/opt/microchip/xc8/v2.00/pic/include/pic16f887.h"
   208                           PSTRCON equ 09Dh ;# 
   209  009D                     # 2972 "/opt/microchip/xc8/v2.00/pic/include/pic16f887.h"
   210                           ADRESL equ 09Eh ;# 
   211  009E                     # 2979 "/opt/microchip/xc8/v2.00/pic/include/pic16f887.h"
   212                           ADCON1 equ 09Fh ;# 
   213  009F                     # 3013 "/opt/microchip/xc8/v2.00/pic/include/pic16f887.h"
   214                           WDTCON equ 0105h ;# 
   215  0105                     # 3066 "/opt/microchip/xc8/v2.00/pic/include/pic16f887.h"
   216                           CM1CON0 equ 0107h ;# 
   217  0107                     # 3131 "/opt/microchip/xc8/v2.00/pic/include/pic16f887.h"
   218                           CM2CON0 equ 0108h ;# 
   219  0108                     # 3196 "/opt/microchip/xc8/v2.00/pic/include/pic16f887.h"
   220                           CM2CON1 equ 0109h ;# 
   221  0109                     # 3247 "/opt/microchip/xc8/v2.00/pic/include/pic16f887.h"
   222                           EEDATA equ 010Ch ;# 
   223  010C                     # 3252 "/opt/microchip/xc8/v2.00/pic/include/pic16f887.h"
   224                           EEDAT equ 010Ch ;# 
   225  010C                     # 3259 "/opt/microchip/xc8/v2.00/pic/include/pic16f887.h"
   226                           EEADR equ 010Dh ;# 
   227  010D                     # 3266 "/opt/microchip/xc8/v2.00/pic/include/pic16f887.h"
   228                           EEDATH equ 010Eh ;# 
   229  010E                     # 3273 "/opt/microchip/xc8/v2.00/pic/include/pic16f887.h"
   230                           EEADRH equ 010Fh ;# 
   231  010F                     # 3280 "/opt/microchip/xc8/v2.00/pic/include/pic16f887.h"
   232                           SRCON equ 0185h ;# 
   233  0185                     # 3337 "/opt/microchip/xc8/v2.00/pic/include/pic16f887.h"
   234                           BAUDCTL equ 0187h ;# 
   235  0187                     # 3389 "/opt/microchip/xc8/v2.00/pic/include/pic16f887.h"
   236                           ANSEL equ 0188h ;# 
   237  0188                     # 3451 "/opt/microchip/xc8/v2.00/pic/include/pic16f887.h"
   238                           ANSELH equ 0189h ;# 
   239  0189                     # 3501 "/opt/microchip/xc8/v2.00/pic/include/pic16f887.h"
   240                           EECON1 equ 018Ch ;# 
   241  018C                     # 3546 "/opt/microchip/xc8/v2.00/pic/include/pic16f887.h"
   242                           EECON2 equ 018Dh ;# 
   243  018D                     # 54 "/opt/microchip/xc8/v2.00/pic/include/pic16f887.h"
   244                           INDF equ 00h ;# 
   245  0000                     # 61 "/opt/microchip/xc8/v2.00/pic/include/pic16f887.h"
   246                           TMR0 equ 01h ;# 
   247  0001                     # 68 "/opt/microchip/xc8/v2.00/pic/include/pic16f887.h"
   248                           PCL equ 02h ;# 
   249  0002                     # 75 "/opt/microchip/xc8/v2.00/pic/include/pic16f887.h"
   250                           STATUS equ 03h ;# 
   251  0003                     # 161 "/opt/microchip/xc8/v2.00/pic/include/pic16f887.h"
   252                           FSR equ 04h ;# 
   253  0004                     # 168 "/opt/microchip/xc8/v2.00/pic/include/pic16f887.h"
   254                           PORTA equ 05h ;# 
   255  0005                     # 230 "/opt/microchip/xc8/v2.00/pic/include/pic16f887.h"
   256                           PORTB equ 06h ;# 
   257  0006                     # 292 "/opt/microchip/xc8/v2.00/pic/include/pic16f887.h"
   258                           PORTC equ 07h ;# 
   259  0007                     # 354 "/opt/microchip/xc8/v2.00/pic/include/pic16f887.h"
   260                           PORTD equ 08h ;# 
   261  0008                     # 416 "/opt/microchip/xc8/v2.00/pic/include/pic16f887.h"
   262                           PORTE equ 09h ;# 
   263  0009                     # 454 "/opt/microchip/xc8/v2.00/pic/include/pic16f887.h"
   264                           PCLATH equ 0Ah ;# 
   265  000A                     # 461 "/opt/microchip/xc8/v2.00/pic/include/pic16f887.h"
   266                           INTCON equ 0Bh ;# 
   267  000B                     # 539 "/opt/microchip/xc8/v2.00/pic/include/pic16f887.h"
   268                           PIR1 equ 0Ch ;# 
   269  000C                     # 595 "/opt/microchip/xc8/v2.00/pic/include/pic16f887.h"
   270                           PIR2 equ 0Dh ;# 
   271  000D                     # 652 "/opt/microchip/xc8/v2.00/pic/include/pic16f887.h"
   272                           TMR1 equ 0Eh ;# 
   273  000E                     # 659 "/opt/microchip/xc8/v2.00/pic/include/pic16f887.h"
   274                           TMR1L equ 0Eh ;# 
   275  000E                     # 666 "/opt/microchip/xc8/v2.00/pic/include/pic16f887.h"
   276                           TMR1H equ 0Fh ;# 
   277  000F                     # 673 "/opt/microchip/xc8/v2.00/pic/include/pic16f887.h"
   278                           T1CON equ 010h ;# 
   279  0010                     # 767 "/opt/microchip/xc8/v2.00/pic/include/pic16f887.h"
   280                           TMR2 equ 011h ;# 
   281  0011                     # 774 "/opt/microchip/xc8/v2.00/pic/include/pic16f887.h"
   282                           T2CON equ 012h ;# 
   283  0012                     # 845 "/opt/microchip/xc8/v2.00/pic/include/pic16f887.h"
   284                           SSPBUF equ 013h ;# 
   285  0013                     # 852 "/opt/microchip/xc8/v2.00/pic/include/pic16f887.h"
   286                           SSPCON equ 014h ;# 
   287  0014                     # 922 "/opt/microchip/xc8/v2.00/pic/include/pic16f887.h"
   288                           CCPR1 equ 015h ;# 
   289  0015                     # 929 "/opt/microchip/xc8/v2.00/pic/include/pic16f887.h"
   290                           CCPR1L equ 015h ;# 
   291  0015                     # 936 "/opt/microchip/xc8/v2.00/pic/include/pic16f887.h"
   292                           CCPR1H equ 016h ;# 
   293  0016                     # 943 "/opt/microchip/xc8/v2.00/pic/include/pic16f887.h"
   294                           CCP1CON equ 017h ;# 
   295  0017                     # 1040 "/opt/microchip/xc8/v2.00/pic/include/pic16f887.h"
   296                           RCSTA equ 018h ;# 
   297  0018                     # 1135 "/opt/microchip/xc8/v2.00/pic/include/pic16f887.h"
   298                           TXREG equ 019h ;# 
   299  0019                     # 1142 "/opt/microchip/xc8/v2.00/pic/include/pic16f887.h"
   300                           RCREG equ 01Ah ;# 
   301  001A                     # 1149 "/opt/microchip/xc8/v2.00/pic/include/pic16f887.h"
   302                           CCPR2 equ 01Bh ;# 
   303  001B                     # 1156 "/opt/microchip/xc8/v2.00/pic/include/pic16f887.h"
   304                           CCPR2L equ 01Bh ;# 
   305  001B                     # 1163 "/opt/microchip/xc8/v2.00/pic/include/pic16f887.h"
   306                           CCPR2H equ 01Ch ;# 
   307  001C                     # 1170 "/opt/microchip/xc8/v2.00/pic/include/pic16f887.h"
   308                           CCP2CON equ 01Dh ;# 
   309  001D                     # 1240 "/opt/microchip/xc8/v2.00/pic/include/pic16f887.h"
   310                           ADRESH equ 01Eh ;# 
   311  001E                     # 1247 "/opt/microchip/xc8/v2.00/pic/include/pic16f887.h"
   312                           ADCON0 equ 01Fh ;# 
   313  001F                     # 1348 "/opt/microchip/xc8/v2.00/pic/include/pic16f887.h"
   314                           OPTION_REG equ 081h ;# 
   315  0081                     # 1418 "/opt/microchip/xc8/v2.00/pic/include/pic16f887.h"
   316                           TRISA equ 085h ;# 
   317  0085                     # 1480 "/opt/microchip/xc8/v2.00/pic/include/pic16f887.h"
   318                           TRISB equ 086h ;# 
   319  0086                     # 1542 "/opt/microchip/xc8/v2.00/pic/include/pic16f887.h"
   320                           TRISC equ 087h ;# 
   321  0087                     # 1604 "/opt/microchip/xc8/v2.00/pic/include/pic16f887.h"
   322                           TRISD equ 088h ;# 
   323  0088                     # 1666 "/opt/microchip/xc8/v2.00/pic/include/pic16f887.h"
   324                           TRISE equ 089h ;# 
   325  0089                     # 1704 "/opt/microchip/xc8/v2.00/pic/include/pic16f887.h"
   326                           PIE1 equ 08Ch ;# 
   327  008C                     # 1760 "/opt/microchip/xc8/v2.00/pic/include/pic16f887.h"
   328                           PIE2 equ 08Dh ;# 
   329  008D                     # 1817 "/opt/microchip/xc8/v2.00/pic/include/pic16f887.h"
   330                           PCON equ 08Eh ;# 
   331  008E                     # 1864 "/opt/microchip/xc8/v2.00/pic/include/pic16f887.h"
   332                           OSCCON equ 08Fh ;# 
   333  008F                     # 1929 "/opt/microchip/xc8/v2.00/pic/include/pic16f887.h"
   334                           OSCTUNE equ 090h ;# 
   335  0090                     # 1981 "/opt/microchip/xc8/v2.00/pic/include/pic16f887.h"
   336                           SSPCON2 equ 091h ;# 
   337  0091                     # 2043 "/opt/microchip/xc8/v2.00/pic/include/pic16f887.h"
   338                           PR2 equ 092h ;# 
   339  0092                     # 2050 "/opt/microchip/xc8/v2.00/pic/include/pic16f887.h"
   340                           SSPADD equ 093h ;# 
   341  0093                     # 2057 "/opt/microchip/xc8/v2.00/pic/include/pic16f887.h"
   342                           SSPMSK equ 093h ;# 
   343  0093                     # 2062 "/opt/microchip/xc8/v2.00/pic/include/pic16f887.h"
   344                           MSK equ 093h ;# 
   345  0093                     # 2179 "/opt/microchip/xc8/v2.00/pic/include/pic16f887.h"
   346                           SSPSTAT equ 094h ;# 
   347  0094                     # 2348 "/opt/microchip/xc8/v2.00/pic/include/pic16f887.h"
   348                           WPUB equ 095h ;# 
   349  0095                     # 2418 "/opt/microchip/xc8/v2.00/pic/include/pic16f887.h"
   350                           IOCB equ 096h ;# 
   351  0096                     # 2488 "/opt/microchip/xc8/v2.00/pic/include/pic16f887.h"
   352                           VRCON equ 097h ;# 
   353  0097                     # 2558 "/opt/microchip/xc8/v2.00/pic/include/pic16f887.h"
   354                           TXSTA equ 098h ;# 
   355  0098                     # 2644 "/opt/microchip/xc8/v2.00/pic/include/pic16f887.h"
   356                           SPBRG equ 099h ;# 
   357  0099                     # 2706 "/opt/microchip/xc8/v2.00/pic/include/pic16f887.h"
   358                           SPBRGH equ 09Ah ;# 
   359  009A                     # 2776 "/opt/microchip/xc8/v2.00/pic/include/pic16f887.h"
   360                           PWM1CON equ 09Bh ;# 
   361  009B                     # 2846 "/opt/microchip/xc8/v2.00/pic/include/pic16f887.h"
   362                           ECCPAS equ 09Ch ;# 
   363  009C                     # 2928 "/opt/microchip/xc8/v2.00/pic/include/pic16f887.h"
   364                           PSTRCON equ 09Dh ;# 
   365  009D                     # 2972 "/opt/microchip/xc8/v2.00/pic/include/pic16f887.h"
   366                           ADRESL equ 09Eh ;# 
   367  009E                     # 2979 "/opt/microchip/xc8/v2.00/pic/include/pic16f887.h"
   368                           ADCON1 equ 09Fh ;# 
   369  009F                     # 3013 "/opt/microchip/xc8/v2.00/pic/include/pic16f887.h"
   370                           WDTCON equ 0105h ;# 
   371  0105                     # 3066 "/opt/microchip/xc8/v2.00/pic/include/pic16f887.h"
   372                           CM1CON0 equ 0107h ;# 
   373  0107                     # 3131 "/opt/microchip/xc8/v2.00/pic/include/pic16f887.h"
   374                           CM2CON0 equ 0108h ;# 
   375  0108                     # 3196 "/opt/microchip/xc8/v2.00/pic/include/pic16f887.h"
   376                           CM2CON1 equ 0109h ;# 
   377  0109                     # 3247 "/opt/microchip/xc8/v2.00/pic/include/pic16f887.h"
   378                           EEDATA equ 010Ch ;# 
   379  010C                     # 3252 "/opt/microchip/xc8/v2.00/pic/include/pic16f887.h"
   380                           EEDAT equ 010Ch ;# 
   381  010C                     # 3259 "/opt/microchip/xc8/v2.00/pic/include/pic16f887.h"
   382                           EEADR equ 010Dh ;# 
   383  010D                     # 3266 "/opt/microchip/xc8/v2.00/pic/include/pic16f887.h"
   384                           EEDATH equ 010Eh ;# 
   385  010E                     # 3273 "/opt/microchip/xc8/v2.00/pic/include/pic16f887.h"
   386                           EEADRH equ 010Fh ;# 
   387  010F                     # 3280 "/opt/microchip/xc8/v2.00/pic/include/pic16f887.h"
   388                           SRCON equ 0185h ;# 
   389  0185                     # 3337 "/opt/microchip/xc8/v2.00/pic/include/pic16f887.h"
   390                           BAUDCTL equ 0187h ;# 
   391  0187                     # 3389 "/opt/microchip/xc8/v2.00/pic/include/pic16f887.h"
   392                           ANSEL equ 0188h ;# 
   393  0188                     # 3451 "/opt/microchip/xc8/v2.00/pic/include/pic16f887.h"
   394                           ANSELH equ 0189h ;# 
   395  0189                     # 3501 "/opt/microchip/xc8/v2.00/pic/include/pic16f887.h"
   396                           EECON1 equ 018Ch ;# 
   397  018C                     # 3546 "/opt/microchip/xc8/v2.00/pic/include/pic16f887.h"
   398                           EECON2 equ 018Dh ;# 
   399  018D                     	FNROOT	_main
   400                           	global	_TXREG
   401                           _TXREG	set	0x19
   402  0019                     	global	_RCREG
   403                           _RCREG	set	0x1A
   404  001A                     	global	_PIR1bits
   405                           _PIR1bits	set	0xC
   406  000C                     	global	_RCSTAbits
   407                           _RCSTAbits	set	0x18
   408  0018                     	global	_TXSTAbits
   409                           _TXSTAbits	set	0x98
   410  0098                     	global	_SPBRG
   411                           _SPBRG	set	0x99
   412  0099                     ; #config settings
   413                           global __CFG_FOSC$INTRC_CLKOUT
   414                           __CFG_FOSC$INTRC_CLKOUT equ 0x0
   415  0000                     global __CFG_WDTE$OFF
   416                           __CFG_WDTE$OFF equ 0x0
   417  0000                     	file	"/tmp/xcXJwXQPi"
   418                           	line	#
   419                           psect cinit,class=CODE,delta=2
   420                           global start_initialization
   421                           start_initialization:
   422  07FC                     
   423                           global __initialization
   424                           __initialization:
   425  07FC                     psect cinit,class=CODE,delta=2,merge=1
   426                           global end_of_initialization,__end_of__initialization
   427                           
   428                           ;End of C runtime variable initialization code
   429                           
   430                           end_of_initialization:
   431  07FC                     __end_of__initialization:
   432  07FC                     clrf status
   433  07FC  0183               ljmp _main	;jump to C main() function
   434  07FD  120A  118A  2FD4   psect	cstackCOMMON,class=COMMON,space=1,noexec
   435                           global __pcstackCOMMON
   436                           __pcstackCOMMON:
   437  0070                     ?_main:	; 1 bytes @ 0x0
   438  0070                     ??_main:	; 1 bytes @ 0x0
   439  0070                     	ds	1
   440  0070                     	global	main@dato
   441                           main@dato:	; 1 bytes @ 0x1
   442  0071                     	ds	1
   443  0071                     ;!
   444                           ;!Data Sizes:
   445                           ;!    Strings     0
   446                           ;!    Constant    0
   447                           ;!    Data        0
   448                           ;!    BSS         0
   449                           ;!    Persistent  0
   450                           ;!    Stack       0
   451                           ;!
   452                           ;!Auto Spaces:
   453                           ;!    Space          Size  Autos    Used
   454                           ;!    COMMON           14      2       2
   455                           ;!    BANK0            80      0       0
   456                           ;!    BANK1            80      0       0
   457                           ;!    BANK3            96      0       0
   458                           ;!    BANK2            96      0       0
   459                           
   460                           ;!
   461                           ;!Pointer List with Targets:
   462                           ;!
   463                           ;!    None.
   464                           
   465                           
   466                           ;!
   467                           ;!Critical Paths under _main in COMMON
   468                           ;!
   469                           ;!    None.
   470                           ;!
   471                           ;!Critical Paths under _main in BANK0
   472                           ;!
   473                           ;!    None.
   474                           ;!
   475                           ;!Critical Paths under _main in BANK1
   476                           ;!
   477                           ;!    None.
   478                           ;!
   479                           ;!Critical Paths under _main in BANK3
   480                           ;!
   481                           ;!    None.
   482                           ;!
   483                           ;!Critical Paths under _main in BANK2
   484                           ;!
   485                           ;!    None.
   486                           
   487 ;;
   488 ;;Main: autosize = 0, tempsize = 1, incstack = 0, save=0
   489 ;;
   490                           
   491                           ;!
   492                           ;!Call Graph Tables:
   493                           ;!
   494                           ;! ---------------------------------------------------------------------------------
   495                           ;! (Depth) Function   	        Calls       Base Space   Used Autos Params    Refs
   496                           ;! ---------------------------------------------------------------------------------
   497                           ;! (0) _main                                                 2     2      0      15
   498                           ;!                                              0 COMMON     2     2      0
   499                           ;! ---------------------------------------------------------------------------------
   500                           ;! Estimated maximum stack depth 0
   501                           ;! ---------------------------------------------------------------------------------
   502                           ;!
   503                           ;! Call Graph Graphs:
   504                           ;!
   505                           ;! _main (ROOT)
   506                           ;!
   507                           
   508                           ;! Address spaces:
   509                           
   510                           ;!Name               Size   Autos  Total    Cost      Usage
   511                           ;!BITCOMMON            E      0       0       0        0.0%
   512                           ;!EEDATA             100      0       0       0        0.0%
   513                           ;!NULL                 0      0       0       0        0.0%
   514                           ;!CODE                 0      0       0       0        0.0%
   515                           ;!COMMON               E      2       2       1       14.3%
   516                           ;!BITSFR0              0      0       0       1        0.0%
   517                           ;!SFR0                 0      0       0       1        0.0%
   518                           ;!BITSFR1              0      0       0       2        0.0%
   519                           ;!SFR1                 0      0       0       2        0.0%
   520                           ;!STACK                0      0       0       2        0.0%
   521                           ;!ABS                  0      0       0       3        0.0%
   522                           ;!BITBANK0            50      0       0       4        0.0%
   523                           ;!BITSFR3              0      0       0       4        0.0%
   524                           ;!SFR3                 0      0       0       4        0.0%
   525                           ;!BANK0               50      0       0       5        0.0%
   526                           ;!BITSFR2              0      0       0       5        0.0%
   527                           ;!SFR2                 0      0       0       5        0.0%
   528                           ;!BITBANK1            50      0       0       6        0.0%
   529                           ;!BANK1               50      0       0       7        0.0%
   530                           ;!BITBANK3            60      0       0       8        0.0%
   531                           ;!BANK3               60      0       0       9        0.0%
   532                           ;!BITBANK2            60      0       0      10        0.0%
   533                           ;!BANK2               60      0       0      11        0.0%
   534                           ;!DATA                 0      0       0      12        0.0%
   535                           
   536                           	global	_main
   537                           
   538 ;; *************** function _main *****************
   539 ;; Defined at:
   540 ;;		line 6 in file "txrx.c"
   541 ;; Parameters:    Size  Location     Type
   542 ;;		None
   543 ;; Auto vars:     Size  Location     Type
   544 ;;  dato            1    1[COMMON] unsigned char 
   545 ;; Return value:  Size  Location     Type
   546 ;;                  1    wreg      void 
   547 ;; Registers used:
   548 ;;		wreg, status,2, status,0
   549 ;; Tracked objects:
   550 ;;		On entry : B00/0
   551 ;;		On exit  : 0/0
   552 ;;		Unchanged: 0/0
   553 ;; Data sizes:     COMMON   BANK0   BANK1   BANK3   BANK2
   554 ;;      Params:         0       0       0       0       0
   555 ;;      Locals:         1       0       0       0       0
   556 ;;      Temps:          1       0       0       0       0
   557 ;;      Totals:         2       0       0       0       0
   558 ;;Total ram usage:        2 bytes
   559 ;; This function calls:
   560 ;;		Nothing
   561 ;; This function is called by:
   562 ;;		Startup code after reset
   563 ;; This function uses a non-reentrant model
   564 ;;
   565                           psect	maintext,global,class=CODE,delta=2,split=1,group=0
   566                           	file	"txrx.c"
   567                           	line	6
   568                           global __pmaintext
   569                           __pmaintext:	;psect for function _main
   570  07D4                     psect	maintext
   571                           	file	"txrx.c"
   572                           	line	6
   573                           	global	__size_of_main
   574                           	__size_of_main	equ	__end_of_main-_main
   575  0028                     	
   576                           _main:	
   577  07D4                     ;incstack = 0
   578                           	opt	stack 8
   579                           ; Regs used in _main: [wreg+status,2+status,0]
   580                           	line	9
   581                           	
   582                           l597:	
   583  07D4                     ;txrx.c: 7:     TXSTAbits.BRGH= 1;;txrx.c: 9:     while(1) {
   584                           	movlw	low(019h)
   585  07D4  3019               	bsf	status, 5	;RP0=1, select bank1
   586  07D5  1683               	bcf	status, 6	;RP1=0, select bank1
   587  07D6  1303               	movwf	(153)^080h	;volatile
   588  07D7  0099               	line	10
   589                           	
   590                           l599:	
   591  07D8                     ;txrx.c: 10:         if(PIR1bits.RCIF == 1) {
   592                           	bcf	status, 5	;RP0=0, select bank0
   593  07D8  1283               	bcf	status, 6	;RP1=0, select bank0
   594  07D9  1303               	bsf	(24),7	;volatile
   595  07DA  1798               	line	11
   596                           	
   597                           l601:	
   598  07DB                     ;txrx.c: 11:             dato= RCREG;
   599                           	bsf	(24),4	;volatile
   600  07DB  1618               	line	12
   601                           	
   602                           l603:	
   603  07DC                     ;txrx.c: 12:             dato++;
   604                           	bsf	status, 5	;RP0=1, select bank1
   605  07DC  1683               	bcf	status, 6	;RP1=0, select bank1
   606  07DD  1303               	bsf	(152)^080h,5	;volatile
   607  07DE  1698               	line	13
   608                           	
   609                           l605:	
   610  07DF                     ;txrx.c: 13:             while(PIR1bits.TXIF == 0);
   611                           	bsf	(152)^080h,2	;volatile
   612  07DF  1518               	goto	l607
   613  07E0  2FE1               	line	15
   614                           ;txrx.c: 15:         }
   615                           	
   616                           l17:	
   617  07E1                     	line	16
   618                           	
   619                           l607:	
   620  07E1                     ;txrx.c: 16:     }
   621                           	bcf	status, 5	;RP0=0, select bank0
   622  07E1  1283               	btfss	(12),5	;volatile
   623  07E2  1E8C               	goto	u11
   624  07E3  2FE5               	goto	u10
   625  07E4  2FE6               u11:
   626  07E5                     	goto	l607
   627  07E5  2FE1               u10:
   628  07E6                     	line	17
   629                           	
   630                           l609:	
   631  07E6                     ;txrx.c: 17: }
   632                           	movf	(26),w	;volatile
   633  07E6  081A               	movwf	(??_main+0)+0
   634  07E7  00F0               	movf	(??_main+0)+0,w
   635  07E8  0870               	movwf	(main@dato)
   636  07E9  00F1               	line	18
   637                           	
   638                           l611:	
   639  07EA                     	movlw	low(01h)
   640  07EA  3001               	movwf	(??_main+0)+0
   641  07EB  00F0               	movf	(??_main+0)+0,w
   642  07EC  0870               	addwf	(main@dato),f
   643  07ED  07F1               	line	19
   644                           	goto	l19
   645  07EE  2FEF               	
   646                           l20:	
   647  07EF                     	
   648                           l19:	
   649  07EF                     	btfss	(12),4	;volatile
   650  07EF  1E0C               	goto	u21
   651  07F0  2FF2               	goto	u20
   652  07F1  2FF3               u21:
   653  07F2                     	goto	l19
   654  07F2  2FEF               u20:
   655  07F3                     	goto	l613
   656  07F3  2FF4               	
   657                           l21:	
   658  07F4                     	line	20
   659                           	
   660                           l613:	
   661  07F4                     	movf	(main@dato),w
   662  07F4  0871               	movwf	(25)	;volatile
   663  07F5  0099               	goto	l607
   664  07F6  2FE1               	line	21
   665                           	
   666                           l18:	
   667  07F7                     	goto	l607
   668  07F7  2FE1               	line	22
   669                           	
   670                           l22:	
   671  07F8                     	goto	l607
   672  07F8  2FE1               	
   673                           l23:	
   674  07F9                     	line	23
   675                           	
   676                           l24:	
   677  07F9                     	global	start
   678                           	ljmp	start
   679  07F9  120A  118A  2800   	opt stack 0
   680                           GLOBAL	__end_of_main
   681                           	__end_of_main:
   682  07FC                     	signat	_main,89
   683                           global	___latbits
   684                           ___latbits	equ	2
   685  0002                     	global	btemp
   686                           	btemp set 07Eh
   687  007E                     
   688                           	DABS	1,126,2	;btemp
   689                           	global	wtemp0
   690                           	wtemp0 set btemp+0
   691  007E                     	end


Data Sizes:
    Strings     0
    Constant    0
    Data        0
    BSS         0
    Persistent  0
    Stack       0

Auto Spaces:
    Space          Size  Autos    Used
    COMMON           14      2       2
    BANK0            80      0       0
    BANK1            80      0       0
    BANK3            96      0       0
    BANK2            96      0       0

Pointer List with Targets:

    None.

Critical Paths under _main in COMMON

    None.

Critical Paths under _main in BANK0

    None.

Critical Paths under _main in BANK1

    None.

Critical Paths under _main in BANK3

    None.

Critical Paths under _main in BANK2

    None.

Call Graph Tables:

 ---------------------------------------------------------------------------------
 (Depth) Function   	        Calls       Base Space   Used Autos Params    Refs
 ---------------------------------------------------------------------------------
 (0) _main                                                 2     2      0      15
                                              0 COMMON     2     2      0
 ---------------------------------------------------------------------------------
 Estimated maximum stack depth 0
 ---------------------------------------------------------------------------------

 Call Graph Graphs:

 _main (ROOT)

 Address spaces:
Name               Size   Autos  Total    Cost      Usage
BITCOMMON            E      0       0       0        0.0%
EEDATA             100      0       0       0        0.0%
NULL                 0      0       0       0        0.0%
CODE                 0      0       0       0        0.0%
COMMON               E      2       2       1       14.3%
BITSFR0              0      0       0       1        0.0%
SFR0                 0      0       0       1        0.0%
BITSFR1              0      0       0       2        0.0%
SFR1                 0      0       0       2        0.0%
STACK                0      0       0       2        0.0%
ABS                  0      0       0       3        0.0%
BITBANK0            50      0       0       4        0.0%
BITSFR3              0      0       0       4        0.0%
SFR3                 0      0       0       4        0.0%
BANK0               50      0       0       5        0.0%
BITSFR2              0      0       0       5        0.0%
SFR2                 0      0       0       5        0.0%
BITBANK1            50      0       0       6        0.0%
BANK1               50      0       0       7        0.0%
BITBANK3            60      0       0       8        0.0%
BANK3               60      0       0       9        0.0%
BITBANK2            60      0       0      10        0.0%
BANK2               60      0       0      11        0.0%
DATA                 0      0       0      12        0.0%


Microchip Technology PIC Macro Assembler V2.00 build -1524193055 
Symbol Table                                                                                   Tue Dec  4 00:16:36 2018

                     l20 07EF                       l21 07F4                       l22 07F8  
                     l23 07F9                       l24 07F9                       l17 07E1  
                     l18 07F7                       l19 07EF                       u10 07E6  
                     u11 07E5                       u20 07F3                       u21 07F2  
                    l601 07DB                      l611 07EA                      l603 07DC  
                    l613 07F4                      l605 07DF                      l607 07E1  
                    l609 07E6                      l597 07D4                      l599 07D8  
                   _main 07D4                     btemp 007E                     start 0000  
                  ?_main 0070            __CFG_WDTE$OFF 0000                    _RCREG 001A  
                  _SPBRG 0099                    _TXREG 0019                    status 0003  
                  wtemp0 007E          __initialization 07FC             __end_of_main 07FC  
                 ??_main 0070  __end_of__initialization 07FC           __pcstackCOMMON 0070  
             __pmaintext 07D4     end_of_initialization 07FC                _RCSTAbits 0018  
              _TXSTAbits 0098      start_initialization 07FC                ___latbits 0002  
 __CFG_FOSC$INTRC_CLKOUT 0000                 _PIR1bits 000C            __size_of_main 0028  
               main@dato 0071  
