

Microchip Technology PIC LITE Macro Assembler V2.00 build -1524193055 
                                                                                               Wed Dec  5 11:13:15 2018

Microchip Technology Omniscient Code Generator v2.00 (Free mode) build 20180527130849
     1  0000                     
      + 0000                     
     2                           ; Version 2.00
     3                           ; Generated 27/05/2018 GMT
     4                           
     5                           ; 
     6                           ; Copyright © 2018, Microchip Technology Inc. and its subsidiaries ("Microchip")
     7                           ; All rights reserved.
     8                           ; 
     9                           ; This software is developed by Microchip Technology Inc. and its subsidiaries ("Microch
                                 ip").
    10                           ; 
    11                           ; Redistribution and use in source and binary forms, with or without modification, are
    12                           ; permitted provided that the following conditions are met:
    13                           ; 
    14                           ;     1. Redistributions of source code must retain the above copyright notice, this lis
                                 t of
    15                           ;        conditions and the following disclaimer.
    16                           ; 
    17                           ;     2. Redistributions in binary form must reproduce the above copyright notice, this 
                                 list
    18                           ;        of conditions and the following disclaimer in the documentation and/or other
    19                           ;        materials provided with the distribution.
    20                           ; 
    21                           ;     3. Microchip's name may not be used to endorse or promote products derived from th
                                 is
    22                           ;        software without specific prior written permission.
    23                           ; 
    24                           ; THIS SOFTWARE IS PROVIDED BY MICROCHIP "AS IS" AND ANY EXPRESS OR IMPLIED WARRANTIES,

    25                           ; INCLUDING, BUT NOT LIMITED TO, THE IMPLIED WARRANTIES OF MERCHANTABILITY AND FITNESS F
                                 OR
    26                           ; PURPOSE ARE DISCLAIMED.  IN NO EVENT SHALL MICROCHIP BE LIABLE FOR ANY DIRECT, INDIREC
                                 T,
    27                           ; INCIDENTAL, SPECIAL, EXEMPLARY, OR CONSEQUENTIAL DAMAGES (INCLUDING BUT NOT LIMITED TO
                                 
    28                           ; PROCUREMENT OF SUBSTITUTE GOODS OR SERVICES; LOSS OF USE, DATA OR PROFITS; OR BUSINESS
                                 
    29                           ; INTERRUPTION) HOWSOEVER CAUSED AND ON ANY THEORY OF LIABILITY, WHETHER IN CONTRACT, ST
                                 RICT
    30                           ; LIABILITY, OR TORT (INCLUDING NEGLIGENCE OR OTHERWISE) ARISING IN ANY WAY OUT OF THE U
                                 SE OF
    31                           ; THIS SOFTWARE, EVEN IF ADVISED OF THE POSSIBILITY OF SUCH DAMAGE.
    32                           ; 
    33                           
    34                           
    35                           ; 
    36                           ; Code-generator required, PIC16F887 Definitions
    37                           ; 
    38  0004                     fsr0 equ 04h
    39  0004                     indf equ 00h
    40  0000                     indf0 equ 00h
    41  0000                     pc equ 02h
    42  0002                     pcl equ 02h
    43  0002                     pclath equ 0Ah
    44  000A                     status equ 03h
    45  0003                     
     2                           opt pagewidth 120
     3  0000                     byte0	macro	val
     4                           	(getbyte(val,0))
     5                           endm
     6  0000                     byte1	macro	val
     7                           	(getbyte(val,1))
     8                           endm
     9  0000                     byte2	macro	val
    10                           	(getbyte(val,2))
    11                           endm
    12  0000                     byte3	macro	val
    13                           	(getbyte(val,3))
    14                           endm
    15  0000                     byte4	macro	val
    16                           	(getbyte(val,4))
    17                           endm
    18  0000                     byte5	macro	val
    19                           	(getbyte(val,5))
    20                           endm
    21  0000                     byte6	macro	val
    22                           	(getbyte(val,6))
    23                           endm
    24  0000                     byte7	macro	val
    25                           	(getbyte(val,7))
    26                           endm
    27  0000                     getword	macro	val,pos
    28                           	(((val) >> (8 * pos)) and 0xffff)
    29                           endm
    30  0000                     word0	macro	val
    31                           	(getword(val,0))
    32                           endm
    33  0000                     word1	macro	val
    34                           	(getword(val,2))
    35                           endm
    36  0000                     word2	macro	val
    37                           	(getword(val,4))
    38                           endm
    39  0000                     word3	macro	val
    40                           	(getword(val,6))
    41                           endm
    42  0000                     gettword	macro	val,pos
    43                           	(((val) >> (8 * pos)) and 0xffffff)
    44                           endm
    45  0000                     tword0	macro	val
    46                           	(gettword(val,0))
    47                           endm
    48  0000                     tword1	macro	val
    49                           	(gettword(val,3))
    50                           endm
    51  0000                     tword2	macro	val
    52                           	(gettword(val,6))
    53                           endm
    54  0000                     getdword	macro	val,pos
    55                           	(((val) >> (8 * pos)) and 0xffffffff)
    56                           endm
    57  0000                     dword0	macro	val
    58                           	(getdword(val,0))
    59                           endm
    60  0000                     dword1	macro	val
    61                           	(getdword(val,4))
    62                           endm
    63  0000                     clrc	macro
    64                           	bcf	3,0
    65                           	endm
    66  0000                     clrz	macro
    67                           	bcf	3,2
    68                           	endm
    69  0000                     setc	macro
    70                           	bsf	3,0
    71                           	endm
    72  0000                     setz	macro
    73                           	bsf	3,2
    74                           	endm
    75  0000                     skipc	macro
    76                           	btfss	3,0
    77                           	endm
    78  0000                     skipz	macro
    79                           	btfss	3,2
    80                           	endm
    81  0000                     skipnc	macro
    82                           	btfsc	3,0
    83                           	endm
    84  0000                     skipnz	macro
    85                           	btfsc	3,2
    86                           	endm
    87  0000                     # 54 "/opt/microchip/xc8/v2.00/pic/include/pic16f887.h"
    88                           INDF equ 00h ;# 
    89  0000                     # 61 "/opt/microchip/xc8/v2.00/pic/include/pic16f887.h"
    90                           TMR0 equ 01h ;# 
    91  0001                     # 68 "/opt/microchip/xc8/v2.00/pic/include/pic16f887.h"
    92                           PCL equ 02h ;# 
    93  0002                     # 75 "/opt/microchip/xc8/v2.00/pic/include/pic16f887.h"
    94                           STATUS equ 03h ;# 
    95  0003                     # 161 "/opt/microchip/xc8/v2.00/pic/include/pic16f887.h"
    96                           FSR equ 04h ;# 
    97  0004                     # 168 "/opt/microchip/xc8/v2.00/pic/include/pic16f887.h"
    98                           PORTA equ 05h ;# 
    99  0005                     # 230 "/opt/microchip/xc8/v2.00/pic/include/pic16f887.h"
   100                           PORTB equ 06h ;# 
   101  0006                     # 292 "/opt/microchip/xc8/v2.00/pic/include/pic16f887.h"
   102                           PORTC equ 07h ;# 
   103  0007                     # 354 "/opt/microchip/xc8/v2.00/pic/include/pic16f887.h"
   104                           PORTD equ 08h ;# 
   105  0008                     # 416 "/opt/microchip/xc8/v2.00/pic/include/pic16f887.h"
   106                           PORTE equ 09h ;# 
   107  0009                     # 454 "/opt/microchip/xc8/v2.00/pic/include/pic16f887.h"
   108                           PCLATH equ 0Ah ;# 
   109  000A                     # 461 "/opt/microchip/xc8/v2.00/pic/include/pic16f887.h"
   110                           INTCON equ 0Bh ;# 
   111  000B                     # 539 "/opt/microchip/xc8/v2.00/pic/include/pic16f887.h"
   112                           PIR1 equ 0Ch ;# 
   113  000C                     # 595 "/opt/microchip/xc8/v2.00/pic/include/pic16f887.h"
   114                           PIR2 equ 0Dh ;# 
   115  000D                     # 652 "/opt/microchip/xc8/v2.00/pic/include/pic16f887.h"
   116                           TMR1 equ 0Eh ;# 
   117  000E                     # 659 "/opt/microchip/xc8/v2.00/pic/include/pic16f887.h"
   118                           TMR1L equ 0Eh ;# 
   119  000E                     # 666 "/opt/microchip/xc8/v2.00/pic/include/pic16f887.h"
   120                           TMR1H equ 0Fh ;# 
   121  000F                     # 673 "/opt/microchip/xc8/v2.00/pic/include/pic16f887.h"
   122                           T1CON equ 010h ;# 
   123  0010                     # 767 "/opt/microchip/xc8/v2.00/pic/include/pic16f887.h"
   124                           TMR2 equ 011h ;# 
   125  0011                     # 774 "/opt/microchip/xc8/v2.00/pic/include/pic16f887.h"
   126                           T2CON equ 012h ;# 
   127  0012                     # 845 "/opt/microchip/xc8/v2.00/pic/include/pic16f887.h"
   128                           SSPBUF equ 013h ;# 
   129  0013                     # 852 "/opt/microchip/xc8/v2.00/pic/include/pic16f887.h"
   130                           SSPCON equ 014h ;# 
   131  0014                     # 922 "/opt/microchip/xc8/v2.00/pic/include/pic16f887.h"
   132                           CCPR1 equ 015h ;# 
   133  0015                     # 929 "/opt/microchip/xc8/v2.00/pic/include/pic16f887.h"
   134                           CCPR1L equ 015h ;# 
   135  0015                     # 936 "/opt/microchip/xc8/v2.00/pic/include/pic16f887.h"
   136                           CCPR1H equ 016h ;# 
   137  0016                     # 943 "/opt/microchip/xc8/v2.00/pic/include/pic16f887.h"
   138                           CCP1CON equ 017h ;# 
   139  0017                     # 1040 "/opt/microchip/xc8/v2.00/pic/include/pic16f887.h"
   140                           RCSTA equ 018h ;# 
   141  0018                     # 1135 "/opt/microchip/xc8/v2.00/pic/include/pic16f887.h"
   142                           TXREG equ 019h ;# 
   143  0019                     # 1142 "/opt/microchip/xc8/v2.00/pic/include/pic16f887.h"
   144                           RCREG equ 01Ah ;# 
   145  001A                     # 1149 "/opt/microchip/xc8/v2.00/pic/include/pic16f887.h"
   146                           CCPR2 equ 01Bh ;# 
   147  001B                     # 1156 "/opt/microchip/xc8/v2.00/pic/include/pic16f887.h"
   148                           CCPR2L equ 01Bh ;# 
   149  001B                     # 1163 "/opt/microchip/xc8/v2.00/pic/include/pic16f887.h"
   150                           CCPR2H equ 01Ch ;# 
   151  001C                     # 1170 "/opt/microchip/xc8/v2.00/pic/include/pic16f887.h"
   152                           CCP2CON equ 01Dh ;# 
   153  001D                     # 1240 "/opt/microchip/xc8/v2.00/pic/include/pic16f887.h"
   154                           ADRESH equ 01Eh ;# 
   155  001E                     # 1247 "/opt/microchip/xc8/v2.00/pic/include/pic16f887.h"
   156                           ADCON0 equ 01Fh ;# 
   157  001F                     # 1348 "/opt/microchip/xc8/v2.00/pic/include/pic16f887.h"
   158                           OPTION_REG equ 081h ;# 
   159  0081                     # 1418 "/opt/microchip/xc8/v2.00/pic/include/pic16f887.h"
   160                           TRISA equ 085h ;# 
   161  0085                     # 1480 "/opt/microchip/xc8/v2.00/pic/include/pic16f887.h"
   162                           TRISB equ 086h ;# 
   163  0086                     # 1542 "/opt/microchip/xc8/v2.00/pic/include/pic16f887.h"
   164                           TRISC equ 087h ;# 
   165  0087                     # 1604 "/opt/microchip/xc8/v2.00/pic/include/pic16f887.h"
   166                           TRISD equ 088h ;# 
   167  0088                     # 1666 "/opt/microchip/xc8/v2.00/pic/include/pic16f887.h"
   168                           TRISE equ 089h ;# 
   169  0089                     # 1704 "/opt/microchip/xc8/v2.00/pic/include/pic16f887.h"
   170                           PIE1 equ 08Ch ;# 
   171  008C                     # 1760 "/opt/microchip/xc8/v2.00/pic/include/pic16f887.h"
   172                           PIE2 equ 08Dh ;# 
   173  008D                     # 1817 "/opt/microchip/xc8/v2.00/pic/include/pic16f887.h"
   174                           PCON equ 08Eh ;# 
   175  008E                     # 1864 "/opt/microchip/xc8/v2.00/pic/include/pic16f887.h"
   176                           OSCCON equ 08Fh ;# 
   177  008F                     # 1929 "/opt/microchip/xc8/v2.00/pic/include/pic16f887.h"
   178                           OSCTUNE equ 090h ;# 
   179  0090                     # 1981 "/opt/microchip/xc8/v2.00/pic/include/pic16f887.h"
   180                           SSPCON2 equ 091h ;# 
   181  0091                     # 2043 "/opt/microchip/xc8/v2.00/pic/include/pic16f887.h"
   182                           PR2 equ 092h ;# 
   183  0092                     # 2050 "/opt/microchip/xc8/v2.00/pic/include/pic16f887.h"
   184                           SSPADD equ 093h ;# 
   185  0093                     # 2057 "/opt/microchip/xc8/v2.00/pic/include/pic16f887.h"
   186                           SSPMSK equ 093h ;# 
   187  0093                     # 2062 "/opt/microchip/xc8/v2.00/pic/include/pic16f887.h"
   188                           MSK equ 093h ;# 
   189  0093                     # 2179 "/opt/microchip/xc8/v2.00/pic/include/pic16f887.h"
   190                           SSPSTAT equ 094h ;# 
   191  0094                     # 2348 "/opt/microchip/xc8/v2.00/pic/include/pic16f887.h"
   192                           WPUB equ 095h ;# 
   193  0095                     # 2418 "/opt/microchip/xc8/v2.00/pic/include/pic16f887.h"
   194                           IOCB equ 096h ;# 
   195  0096                     # 2488 "/opt/microchip/xc8/v2.00/pic/include/pic16f887.h"
   196                           VRCON equ 097h ;# 
   197  0097                     # 2558 "/opt/microchip/xc8/v2.00/pic/include/pic16f887.h"
   198                           TXSTA equ 098h ;# 
   199  0098                     # 2644 "/opt/microchip/xc8/v2.00/pic/include/pic16f887.h"
   200                           SPBRG equ 099h ;# 
   201  0099                     # 2706 "/opt/microchip/xc8/v2.00/pic/include/pic16f887.h"
   202                           SPBRGH equ 09Ah ;# 
   203  009A                     # 2776 "/opt/microchip/xc8/v2.00/pic/include/pic16f887.h"
   204                           PWM1CON equ 09Bh ;# 
   205  009B                     # 2846 "/opt/microchip/xc8/v2.00/pic/include/pic16f887.h"
   206                           ECCPAS equ 09Ch ;# 
   207  009C                     # 2928 "/opt/microchip/xc8/v2.00/pic/include/pic16f887.h"
   208                           PSTRCON equ 09Dh ;# 
   209  009D                     # 2972 "/opt/microchip/xc8/v2.00/pic/include/pic16f887.h"
   210                           ADRESL equ 09Eh ;# 
   211  009E                     # 2979 "/opt/microchip/xc8/v2.00/pic/include/pic16f887.h"
   212                           ADCON1 equ 09Fh ;# 
   213  009F                     # 3013 "/opt/microchip/xc8/v2.00/pic/include/pic16f887.h"
   214                           WDTCON equ 0105h ;# 
   215  0105                     # 3066 "/opt/microchip/xc8/v2.00/pic/include/pic16f887.h"
   216                           CM1CON0 equ 0107h ;# 
   217  0107                     # 3131 "/opt/microchip/xc8/v2.00/pic/include/pic16f887.h"
   218                           CM2CON0 equ 0108h ;# 
   219  0108                     # 3196 "/opt/microchip/xc8/v2.00/pic/include/pic16f887.h"
   220                           CM2CON1 equ 0109h ;# 
   221  0109                     # 3247 "/opt/microchip/xc8/v2.00/pic/include/pic16f887.h"
   222                           EEDATA equ 010Ch ;# 
   223  010C                     # 3252 "/opt/microchip/xc8/v2.00/pic/include/pic16f887.h"
   224                           EEDAT equ 010Ch ;# 
   225  010C                     # 3259 "/opt/microchip/xc8/v2.00/pic/include/pic16f887.h"
   226                           EEADR equ 010Dh ;# 
   227  010D                     # 3266 "/opt/microchip/xc8/v2.00/pic/include/pic16f887.h"
   228                           EEDATH equ 010Eh ;# 
   229  010E                     # 3273 "/opt/microchip/xc8/v2.00/pic/include/pic16f887.h"
   230                           EEADRH equ 010Fh ;# 
   231  010F                     # 3280 "/opt/microchip/xc8/v2.00/pic/include/pic16f887.h"
   232                           SRCON equ 0185h ;# 
   233  0185                     # 3337 "/opt/microchip/xc8/v2.00/pic/include/pic16f887.h"
   234                           BAUDCTL equ 0187h ;# 
   235  0187                     # 3389 "/opt/microchip/xc8/v2.00/pic/include/pic16f887.h"
   236                           ANSEL equ 0188h ;# 
   237  0188                     # 3451 "/opt/microchip/xc8/v2.00/pic/include/pic16f887.h"
   238                           ANSELH equ 0189h ;# 
   239  0189                     # 3501 "/opt/microchip/xc8/v2.00/pic/include/pic16f887.h"
   240                           EECON1 equ 018Ch ;# 
   241  018C                     # 3546 "/opt/microchip/xc8/v2.00/pic/include/pic16f887.h"
   242                           EECON2 equ 018Dh ;# 
   243  018D                     # 54 "/opt/microchip/xc8/v2.00/pic/include/pic16f887.h"
   244                           INDF equ 00h ;# 
   245  0000                     # 61 "/opt/microchip/xc8/v2.00/pic/include/pic16f887.h"
   246                           TMR0 equ 01h ;# 
   247  0001                     # 68 "/opt/microchip/xc8/v2.00/pic/include/pic16f887.h"
   248                           PCL equ 02h ;# 
   249  0002                     # 75 "/opt/microchip/xc8/v2.00/pic/include/pic16f887.h"
   250                           STATUS equ 03h ;# 
   251  0003                     # 161 "/opt/microchip/xc8/v2.00/pic/include/pic16f887.h"
   252                           FSR equ 04h ;# 
   253  0004                     # 168 "/opt/microchip/xc8/v2.00/pic/include/pic16f887.h"
   254                           PORTA equ 05h ;# 
   255  0005                     # 230 "/opt/microchip/xc8/v2.00/pic/include/pic16f887.h"
   256                           PORTB equ 06h ;# 
   257  0006                     # 292 "/opt/microchip/xc8/v2.00/pic/include/pic16f887.h"
   258                           PORTC equ 07h ;# 
   259  0007                     # 354 "/opt/microchip/xc8/v2.00/pic/include/pic16f887.h"
   260                           PORTD equ 08h ;# 
   261  0008                     # 416 "/opt/microchip/xc8/v2.00/pic/include/pic16f887.h"
   262                           PORTE equ 09h ;# 
   263  0009                     # 454 "/opt/microchip/xc8/v2.00/pic/include/pic16f887.h"
   264                           PCLATH equ 0Ah ;# 
   265  000A                     # 461 "/opt/microchip/xc8/v2.00/pic/include/pic16f887.h"
   266                           INTCON equ 0Bh ;# 
   267  000B                     # 539 "/opt/microchip/xc8/v2.00/pic/include/pic16f887.h"
   268                           PIR1 equ 0Ch ;# 
   269  000C                     # 595 "/opt/microchip/xc8/v2.00/pic/include/pic16f887.h"
   270                           PIR2 equ 0Dh ;# 
   271  000D                     # 652 "/opt/microchip/xc8/v2.00/pic/include/pic16f887.h"
   272                           TMR1 equ 0Eh ;# 
   273  000E                     # 659 "/opt/microchip/xc8/v2.00/pic/include/pic16f887.h"
   274                           TMR1L equ 0Eh ;# 
   275  000E                     # 666 "/opt/microchip/xc8/v2.00/pic/include/pic16f887.h"
   276                           TMR1H equ 0Fh ;# 
   277  000F                     # 673 "/opt/microchip/xc8/v2.00/pic/include/pic16f887.h"
   278                           T1CON equ 010h ;# 
   279  0010                     # 767 "/opt/microchip/xc8/v2.00/pic/include/pic16f887.h"
   280                           TMR2 equ 011h ;# 
   281  0011                     # 774 "/opt/microchip/xc8/v2.00/pic/include/pic16f887.h"
   282                           T2CON equ 012h ;# 
   283  0012                     # 845 "/opt/microchip/xc8/v2.00/pic/include/pic16f887.h"
   284                           SSPBUF equ 013h ;# 
   285  0013                     # 852 "/opt/microchip/xc8/v2.00/pic/include/pic16f887.h"
   286                           SSPCON equ 014h ;# 
   287  0014                     # 922 "/opt/microchip/xc8/v2.00/pic/include/pic16f887.h"
   288                           CCPR1 equ 015h ;# 
   289  0015                     # 929 "/opt/microchip/xc8/v2.00/pic/include/pic16f887.h"
   290                           CCPR1L equ 015h ;# 
   291  0015                     # 936 "/opt/microchip/xc8/v2.00/pic/include/pic16f887.h"
   292                           CCPR1H equ 016h ;# 
   293  0016                     # 943 "/opt/microchip/xc8/v2.00/pic/include/pic16f887.h"
   294                           CCP1CON equ 017h ;# 
   295  0017                     # 1040 "/opt/microchip/xc8/v2.00/pic/include/pic16f887.h"
   296                           RCSTA equ 018h ;# 
   297  0018                     # 1135 "/opt/microchip/xc8/v2.00/pic/include/pic16f887.h"
   298                           TXREG equ 019h ;# 
   299  0019                     # 1142 "/opt/microchip/xc8/v2.00/pic/include/pic16f887.h"
   300                           RCREG equ 01Ah ;# 
   301  001A                     # 1149 "/opt/microchip/xc8/v2.00/pic/include/pic16f887.h"
   302                           CCPR2 equ 01Bh ;# 
   303  001B                     # 1156 "/opt/microchip/xc8/v2.00/pic/include/pic16f887.h"
   304                           CCPR2L equ 01Bh ;# 
   305  001B                     # 1163 "/opt/microchip/xc8/v2.00/pic/include/pic16f887.h"
   306                           CCPR2H equ 01Ch ;# 
   307  001C                     # 1170 "/opt/microchip/xc8/v2.00/pic/include/pic16f887.h"
   308                           CCP2CON equ 01Dh ;# 
   309  001D                     # 1240 "/opt/microchip/xc8/v2.00/pic/include/pic16f887.h"
   310                           ADRESH equ 01Eh ;# 
   311  001E                     # 1247 "/opt/microchip/xc8/v2.00/pic/include/pic16f887.h"
   312                           ADCON0 equ 01Fh ;# 
   313  001F                     # 1348 "/opt/microchip/xc8/v2.00/pic/include/pic16f887.h"
   314                           OPTION_REG equ 081h ;# 
   315  0081                     # 1418 "/opt/microchip/xc8/v2.00/pic/include/pic16f887.h"
   316                           TRISA equ 085h ;# 
   317  0085                     # 1480 "/opt/microchip/xc8/v2.00/pic/include/pic16f887.h"
   318                           TRISB equ 086h ;# 
   319  0086                     # 1542 "/opt/microchip/xc8/v2.00/pic/include/pic16f887.h"
   320                           TRISC equ 087h ;# 
   321  0087                     # 1604 "/opt/microchip/xc8/v2.00/pic/include/pic16f887.h"
   322                           TRISD equ 088h ;# 
   323  0088                     # 1666 "/opt/microchip/xc8/v2.00/pic/include/pic16f887.h"
   324                           TRISE equ 089h ;# 
   325  0089                     # 1704 "/opt/microchip/xc8/v2.00/pic/include/pic16f887.h"
   326                           PIE1 equ 08Ch ;# 
   327  008C                     # 1760 "/opt/microchip/xc8/v2.00/pic/include/pic16f887.h"
   328                           PIE2 equ 08Dh ;# 
   329  008D                     # 1817 "/opt/microchip/xc8/v2.00/pic/include/pic16f887.h"
   330                           PCON equ 08Eh ;# 
   331  008E                     # 1864 "/opt/microchip/xc8/v2.00/pic/include/pic16f887.h"
   332                           OSCCON equ 08Fh ;# 
   333  008F                     # 1929 "/opt/microchip/xc8/v2.00/pic/include/pic16f887.h"
   334                           OSCTUNE equ 090h ;# 
   335  0090                     # 1981 "/opt/microchip/xc8/v2.00/pic/include/pic16f887.h"
   336                           SSPCON2 equ 091h ;# 
   337  0091                     # 2043 "/opt/microchip/xc8/v2.00/pic/include/pic16f887.h"
   338                           PR2 equ 092h ;# 
   339  0092                     # 2050 "/opt/microchip/xc8/v2.00/pic/include/pic16f887.h"
   340                           SSPADD equ 093h ;# 
   341  0093                     # 2057 "/opt/microchip/xc8/v2.00/pic/include/pic16f887.h"
   342                           SSPMSK equ 093h ;# 
   343  0093                     # 2062 "/opt/microchip/xc8/v2.00/pic/include/pic16f887.h"
   344                           MSK equ 093h ;# 
   345  0093                     # 2179 "/opt/microchip/xc8/v2.00/pic/include/pic16f887.h"
   346                           SSPSTAT equ 094h ;# 
   347  0094                     # 2348 "/opt/microchip/xc8/v2.00/pic/include/pic16f887.h"
   348                           WPUB equ 095h ;# 
   349  0095                     # 2418 "/opt/microchip/xc8/v2.00/pic/include/pic16f887.h"
   350                           IOCB equ 096h ;# 
   351  0096                     # 2488 "/opt/microchip/xc8/v2.00/pic/include/pic16f887.h"
   352                           VRCON equ 097h ;# 
   353  0097                     # 2558 "/opt/microchip/xc8/v2.00/pic/include/pic16f887.h"
   354                           TXSTA equ 098h ;# 
   355  0098                     # 2644 "/opt/microchip/xc8/v2.00/pic/include/pic16f887.h"
   356                           SPBRG equ 099h ;# 
   357  0099                     # 2706 "/opt/microchip/xc8/v2.00/pic/include/pic16f887.h"
   358                           SPBRGH equ 09Ah ;# 
   359  009A                     # 2776 "/opt/microchip/xc8/v2.00/pic/include/pic16f887.h"
   360                           PWM1CON equ 09Bh ;# 
   361  009B                     # 2846 "/opt/microchip/xc8/v2.00/pic/include/pic16f887.h"
   362                           ECCPAS equ 09Ch ;# 
   363  009C                     # 2928 "/opt/microchip/xc8/v2.00/pic/include/pic16f887.h"
   364                           PSTRCON equ 09Dh ;# 
   365  009D                     # 2972 "/opt/microchip/xc8/v2.00/pic/include/pic16f887.h"
   366                           ADRESL equ 09Eh ;# 
   367  009E                     # 2979 "/opt/microchip/xc8/v2.00/pic/include/pic16f887.h"
   368                           ADCON1 equ 09Fh ;# 
   369  009F                     # 3013 "/opt/microchip/xc8/v2.00/pic/include/pic16f887.h"
   370                           WDTCON equ 0105h ;# 
   371  0105                     # 3066 "/opt/microchip/xc8/v2.00/pic/include/pic16f887.h"
   372                           CM1CON0 equ 0107h ;# 
   373  0107                     # 3131 "/opt/microchip/xc8/v2.00/pic/include/pic16f887.h"
   374                           CM2CON0 equ 0108h ;# 
   375  0108                     # 3196 "/opt/microchip/xc8/v2.00/pic/include/pic16f887.h"
   376                           CM2CON1 equ 0109h ;# 
   377  0109                     # 3247 "/opt/microchip/xc8/v2.00/pic/include/pic16f887.h"
   378                           EEDATA equ 010Ch ;# 
   379  010C                     # 3252 "/opt/microchip/xc8/v2.00/pic/include/pic16f887.h"
   380                           EEDAT equ 010Ch ;# 
   381  010C                     # 3259 "/opt/microchip/xc8/v2.00/pic/include/pic16f887.h"
   382                           EEADR equ 010Dh ;# 
   383  010D                     # 3266 "/opt/microchip/xc8/v2.00/pic/include/pic16f887.h"
   384                           EEDATH equ 010Eh ;# 
   385  010E                     # 3273 "/opt/microchip/xc8/v2.00/pic/include/pic16f887.h"
   386                           EEADRH equ 010Fh ;# 
   387  010F                     # 3280 "/opt/microchip/xc8/v2.00/pic/include/pic16f887.h"
   388                           SRCON equ 0185h ;# 
   389  0185                     # 3337 "/opt/microchip/xc8/v2.00/pic/include/pic16f887.h"
   390                           BAUDCTL equ 0187h ;# 
   391  0187                     # 3389 "/opt/microchip/xc8/v2.00/pic/include/pic16f887.h"
   392                           ANSEL equ 0188h ;# 
   393  0188                     # 3451 "/opt/microchip/xc8/v2.00/pic/include/pic16f887.h"
   394                           ANSELH equ 0189h ;# 
   395  0189                     # 3501 "/opt/microchip/xc8/v2.00/pic/include/pic16f887.h"
   396                           EECON1 equ 018Ch ;# 
   397  018C                     # 3546 "/opt/microchip/xc8/v2.00/pic/include/pic16f887.h"
   398                           EECON2 equ 018Dh ;# 
   399  018D                     	FNROOT	_main
   400                           	global	main@F1265
   401                           psect	idataBANK0,class=CODE,space=0,delta=2,noexec
   402                           global __pidataBANK0
   403                           __pidataBANK0:
   404  07A2                     	file	"usart.c"
   405                           	line	13
   406                           
   407                           ;initializer for main@F1265
   408                           	retlw	048h
   409  07A2  3448               	retlw	06Fh
   410  07A3  346F               	retlw	06Ch
   411  07A4  346C               	retlw	061h
   412  07A5  3461               	retlw	020h
   413  07A6  3420               	retlw	06Dh
   414  07A7  346D               	retlw	075h
   415  07A8  3475               	retlw	06Eh
   416  07A9  346E               	retlw	064h
   417  07AA  3464               	retlw	06Fh
   418  07AB  346F               	retlw	0Ah
   419  07AC  340A               	retlw	low(0)
   420  07AD  3400               	global	_TXREG
   421                           _TXREG	set	0x19
   422  0019                     	global	_PIR1bits
   423                           _PIR1bits	set	0xC
   424  000C                     	global	_RCSTAbits
   425                           _RCSTAbits	set	0x18
   426  0018                     	global	_TXSTAbits
   427                           _TXSTAbits	set	0x98
   428  0098                     	global	_SPBRG
   429                           _SPBRG	set	0x99
   430  0099                     ; #config settings
   431                           global __CFG_FOSC$INTRC_CLKOUT
   432                           __CFG_FOSC$INTRC_CLKOUT equ 0x0
   433  0000                     global __CFG_WDTE$OFF
   434                           __CFG_WDTE$OFF equ 0x0
   435  0000                     	file	"/tmp/xcX9WbCtt"
   436                           	line	#
   437                           psect cinit,class=CODE,delta=2
   438                           global start_initialization
   439                           start_initialization:
   440  07EE                     
   441                           global __initialization
   442                           __initialization:
   443  07EE                     psect	dataBANK0,class=BANK0,space=1,noexec
   444                           global __pdataBANK0
   445                           __pdataBANK0:
   446  0020                     	file	"usart.c"
   447                           	line	13
   448                           main@F1265:
   449  0020                            ds      12
   450  0020                     
   451                           	file	"/tmp/xcX9WbCtt"
   452                           	line	#
   453                           global btemp
   454                           psect inittext,class=CODE,delta=2
   455                           global init_fetch0,btemp
   456                           ;	Called with low address in FSR and high address in W
   457                           init_fetch0:
   458  07AE                     	movf btemp,w
   459  07AE  087E               	movwf pclath
   460  07AF  008A               	movf btemp+1,w
   461  07B0  087F               	movwf pc
   462  07B1  0082               global init_ram0
   463                           ;Called with:
   464                           ;	high address of idata address in btemp 
   465                           ;	low address of idata address in btemp+1 
   466                           ;	low address of data in FSR
   467                           ;	high address + 1 of data in btemp-1
   468                           init_ram0:
   469  07B2                     	fcall init_fetch0
   470  07B2  120A  118A  27AE  120A  118A  	movwf indf,f
   471  07B7  0080               	incf fsr,f
   472  07B8  0A84               	movf fsr,w
   473  07B9  0804               	xorwf btemp-1,w
   474  07BA  067D               	btfsc status,2
   475  07BB  1903               	retlw 0
   476  07BC  3400               	incf btemp+1,f
   477  07BD  0AFF               	btfsc status,2
   478  07BE  1903               	incf btemp,f
   479  07BF  0AFE               	goto init_ram0
   480  07C0  2FB2               ; Initialize objects allocated to BANK0
   481                           psect cinit,class=CODE,delta=2,merge=1
   482                           global init_ram0, __pidataBANK0
   483                           	bcf	status, 7	;select IRP bank0
   484  07EE  1383               	movlw low(__pdataBANK0+12)
   485  07EF  302C               	movwf btemp-1,f
   486  07F0  00FD               	movlw high(__pidataBANK0)
   487  07F1  3007               	movwf btemp,f
   488  07F2  00FE               	movlw low(__pidataBANK0)
   489  07F3  30A2               	movwf btemp+1,f
   490  07F4  00FF               	movlw low(__pdataBANK0)
   491  07F5  3020               	movwf fsr,f
   492  07F6  0084               	fcall init_ram0
   493  07F7  120A  118A  27B2  120A  118A  psect cinit,class=CODE,delta=2,merge=1
   494                           global end_of_initialization,__end_of__initialization
   495                           
   496                           ;End of C runtime variable initialization code
   497                           
   498                           end_of_initialization:
   499  07FC                     __end_of__initialization:
   500  07FC                     clrf status
   501  07FC  0183               ljmp _main	;jump to C main() function
   502  07FD  120A  118A  2FC1   psect	cstackCOMMON,class=COMMON,space=1,noexec
   503                           global __pcstackCOMMON
   504                           __pcstackCOMMON:
   505  0070                     ?_main:	; 1 bytes @ 0x0
   506  0070                     ??_main:	; 1 bytes @ 0x0
   507  0070                     	ds	4
   508  0070                     psect	cstackBANK0,class=BANK0,space=1,noexec
   509                           global __pcstackBANK0
   510                           __pcstackBANK0:
   511  002C                     	global	main@cadena
   512                           main@cadena:	; 12 bytes @ 0x0
   513  002C                     	ds	12
   514  002C                     ;!
   515                           ;!Data Sizes:
   516                           ;!    Strings     0
   517                           ;!    Constant    0
   518                           ;!    Data        12
   519                           ;!    BSS         0
   520                           ;!    Persistent  0
   521                           ;!    Stack       0
   522                           ;!
   523                           ;!Auto Spaces:
   524                           ;!    Space          Size  Autos    Used
   525                           ;!    COMMON           14      4       4
   526                           ;!    BANK0            80     12      24
   527                           ;!    BANK1            80      0       0
   528                           ;!    BANK3            96      0       0
   529                           ;!    BANK2            96      0       0
   530                           
   531                           ;!
   532                           ;!Pointer List with Targets:
   533                           ;!
   534                           ;!    None.
   535                           
   536                           
   537                           ;!
   538                           ;!Critical Paths under _main in COMMON
   539                           ;!
   540                           ;!    None.
   541                           ;!
   542                           ;!Critical Paths under _main in BANK0
   543                           ;!
   544                           ;!    None.
   545                           ;!
   546                           ;!Critical Paths under _main in BANK1
   547                           ;!
   548                           ;!    None.
   549                           ;!
   550                           ;!Critical Paths under _main in BANK3
   551                           ;!
   552                           ;!    None.
   553                           ;!
   554                           ;!Critical Paths under _main in BANK2
   555                           ;!
   556                           ;!    None.
   557                           
   558 ;;
   559 ;;Main: autosize = 0, tempsize = 4, incstack = 0, save=0
   560 ;;
   561                           
   562                           ;!
   563                           ;!Call Graph Tables:
   564                           ;!
   565                           ;! ---------------------------------------------------------------------------------
   566                           ;! (Depth) Function   	        Calls       Base Space   Used Autos Params    Refs
   567                           ;! ---------------------------------------------------------------------------------
   568                           ;! (0) _main                                                17    17      0       1
   569                           ;!                                              0 COMMON     4     4      0
   570                           ;!                                              0 BANK0     12    12      0
   571                           ;! ---------------------------------------------------------------------------------
   572                           ;! Estimated maximum stack depth 0
   573                           ;! ---------------------------------------------------------------------------------
   574                           ;!
   575                           ;! Call Graph Graphs:
   576                           ;!
   577                           ;! _main (ROOT)
   578                           ;!
   579                           
   580                           ;! Address spaces:
   581                           
   582                           ;!Name               Size   Autos  Total    Cost      Usage
   583                           ;!BANK3               60      0       0       9        0.0%
   584                           ;!BITBANK3            60      0       0       8        0.0%
   585                           ;!SFR3                 0      0       0       4        0.0%
   586                           ;!BITSFR3              0      0       0       4        0.0%
   587                           ;!BANK2               60      0       0      11        0.0%
   588                           ;!BITBANK2            60      0       0      10        0.0%
   589                           ;!SFR2                 0      0       0       5        0.0%
   590                           ;!BITSFR2              0      0       0       5        0.0%
   591                           ;!BANK1               50      0       0       7        0.0%
   592                           ;!BITBANK1            50      0       0       6        0.0%
   593                           ;!SFR1                 0      0       0       2        0.0%
   594                           ;!BITSFR1              0      0       0       2        0.0%
   595                           ;!BANK0               50      C      18       5       30.0%
   596                           ;!BITBANK0            50      0       0       4        0.0%
   597                           ;!SFR0                 0      0       0       1        0.0%
   598                           ;!BITSFR0              0      0       0       1        0.0%
   599                           ;!COMMON               E      4       4       1       28.6%
   600                           ;!BITCOMMON            E      0       0       0        0.0%
   601                           ;!CODE                 0      0       0       0        0.0%
   602                           ;!DATA                 0      0      1C      12        0.0%
   603                           ;!ABS                  0      0      1C       3        0.0%
   604                           ;!NULL                 0      0       0       0        0.0%
   605                           ;!STACK                0      0       0       2        0.0%
   606                           ;!EEDATA             100      0       0       0        0.0%
   607                           
   608                           	global	_main
   609                           
   610 ;; *************** function _main *****************
   611 ;; Defined at:
   612 ;;		line 13 in file "usart.c"
   613 ;; Parameters:    Size  Location     Type
   614 ;;		None
   615 ;; Auto vars:     Size  Location     Type
   616 ;;  cadena         12    0[BANK0 ] unsigned char [12]
   617 ;;  indice          1    0        unsigned char 
   618 ;; Return value:  Size  Location     Type
   619 ;;                  1    wreg      void 
   620 ;; Registers used:
   621 ;;		wreg, fsr0l, fsr0h
   622 ;; Tracked objects:
   623 ;;		On entry : B00/0
   624 ;;		On exit  : 0/0
   625 ;;		Unchanged: 0/0
   626 ;; Data sizes:     COMMON   BANK0   BANK1   BANK3   BANK2
   627 ;;      Params:         0       0       0       0       0
   628 ;;      Locals:         0      12       0       0       0
   629 ;;      Temps:          4       0       0       0       0
   630 ;;      Totals:         4      12       0       0       0
   631 ;;Total ram usage:       16 bytes
   632 ;; This function calls:
   633 ;;		Nothing
   634 ;; This function is called by:
   635 ;;		Startup code after reset
   636 ;; This function uses a non-reentrant model
   637 ;;
   638                           psect	maintext,global,class=CODE,delta=2,split=1,group=0
   639                           	file	"usart.c"
   640                           	line	13
   641                           global __pmaintext
   642                           __pmaintext:	;psect for function _main
   643  07C1                     psect	maintext
   644                           	file	"usart.c"
   645                           	line	13
   646                           	global	__size_of_main
   647                           	__size_of_main	equ	__end_of_main-_main
   648  002D                     	
   649                           _main:	
   650  07C1                     ;incstack = 0
   651                           	opt	stack 8
   652                           ; Regs used in _main: [wregfsr0]
   653                           	line	14
   654                           	
   655                           l610:	
   656  07C1                     	movlw	(main@cadena)&0ffh
   657  07C1  302C               	movwf	fsr0
   658  07C2  0084               	movlw	low(main@F1265)
   659  07C3  3020               	movwf	(??_main+0)+0
   660  07C4  00F0               	movf	fsr0,w
   661  07C5  0804               	movwf	((??_main+0)+0+1)
   662  07C6  00F1               	movlw	12
   663  07C7  300C               	movwf	((??_main+0)+0+2)
   664  07C8  00F2               u30:
   665  07C9                     	movf	(??_main+0)+0,w
   666  07C9  0870               	movwf	fsr0
   667  07CA  0084               	bcf	status, 7	;select IRP bank0
   668  07CB  1383               	
   669                           	movf	indf,w
   670  07CC  0800               	movwf	((??_main+0)+0+3)
   671  07CD  00F3               	incf	(??_main+0)+0,f
   672  07CE  0AF0               	movf	((??_main+0)+0+1),w
   673  07CF  0871               	movwf	fsr0
   674  07D0  0084               	
   675                           	movf	((??_main+0)+0+3),w
   676  07D1  0873               	movwf	indf
   677  07D2  0080               	incf	((??_main+0)+0+1),f
   678  07D3  0AF1               	decfsz	((??_main+0)+0+2),f
   679  07D4  0BF2               	goto	u30
   680  07D5  2FC9               	
   681                           	line	16
   682                           	
   683                           l612:	
   684  07D6                     	movlw	low(019h)
   685  07D6  3019               	bsf	status, 5	;RP0=1, select bank1
   686  07D7  1683               	bcf	status, 6	;RP1=0, select bank1
   687  07D8  1303               	movwf	(153)^080h	;volatile
   688  07D9  0099               	line	17
   689                           	
   690                           l614:	
   691  07DA                     	bsf	(152)^080h,5	;volatile
   692  07DA  1698               	line	18
   693                           	
   694                           l616:	
   695  07DB                     	bsf	(152)^080h,2	;volatile
   696  07DB  1518               	line	19
   697                           	
   698                           l618:	
   699  07DC                     	bcf	status, 5	;RP0=0, select bank0
   700  07DC  1283               	bcf	status, 6	;RP1=0, select bank0
   701  07DD  1303               	bsf	(24),7	;volatile
   702  07DE  1798               	line	20
   703                           	
   704                           l620:	
   705  07DF                     	bsf	(24),4	;volatile
   706  07DF  1618               	goto	l18
   707  07E0  2FE2               	line	22
   708                           	
   709                           l17:	
   710  07E1                     	line	23
   711                           	goto	l18
   712  07E1  2FE2               	
   713                           l19:	
   714  07E2                     	
   715                           l18:	
   716  07E2                     	btfss	(12),4	;volatile
   717  07E2  1E0C               	goto	u41
   718  07E3  2FE5               	goto	u40
   719  07E4  2FE6               u41:
   720  07E5                     	goto	l18
   721  07E5  2FE2               u40:
   722  07E6                     	goto	l622
   723  07E6  2FE7               	
   724                           l20:	
   725  07E7                     	line	24
   726                           	
   727                           l622:	
   728  07E7                     	movlw	low(055h)
   729  07E7  3055               	movwf	(25)	;volatile
   730  07E8  0099               	goto	l18
   731  07E9  2FE2               	line	25
   732                           	
   733                           l21:	
   734  07EA                     	goto	l18
   735  07EA  2FE2               	
   736                           l22:	
   737  07EB                     	line	38
   738                           	
   739                           l23:	
   740  07EB                     	global	start
   741                           	ljmp	start
   742  07EB  120A  118A  2800   	opt stack 0
   743                           GLOBAL	__end_of_main
   744                           	__end_of_main:
   745  07EE                     	signat	_main,89
   746                           global	___latbits
   747                           ___latbits	equ	2
   748  0002                     	global	btemp
   749                           	btemp set 07Eh
   750  007E                     
   751                           	DABS	1,126,2	;btemp
   752                           	global	wtemp0
   753                           	wtemp0 set btemp+0
   754  007E                     	end


Data Sizes:
    Strings     0
    Constant    0
    Data        12
    BSS         0
    Persistent  0
    Stack       0

Auto Spaces:
    Space          Size  Autos    Used
    COMMON           14      4       4
    BANK0            80     12      24
    BANK1            80      0       0
    BANK3            96      0       0
    BANK2            96      0       0

Pointer List with Targets:

    None.

Critical Paths under _main in COMMON

    None.

Critical Paths under _main in BANK0

    None.

Critical Paths under _main in BANK1

    None.

Critical Paths under _main in BANK3

    None.

Critical Paths under _main in BANK2

    None.

Call Graph Tables:

 ---------------------------------------------------------------------------------
 (Depth) Function   	        Calls       Base Space   Used Autos Params    Refs
 ---------------------------------------------------------------------------------
 (0) _main                                                17    17      0       1
                                              0 COMMON     4     4      0
                                              0 BANK0     12    12      0
 ---------------------------------------------------------------------------------
 Estimated maximum stack depth 0
 ---------------------------------------------------------------------------------

 Call Graph Graphs:

 _main (ROOT)

 Address spaces:
Name               Size   Autos  Total    Cost      Usage
BANK3               60      0       0       9        0.0%
BITBANK3            60      0       0       8        0.0%
SFR3                 0      0       0       4        0.0%
BITSFR3              0      0       0       4        0.0%
BANK2               60      0       0      11        0.0%
BITBANK2            60      0       0      10        0.0%
SFR2                 0      0       0       5        0.0%
BITSFR2              0      0       0       5        0.0%
BANK1               50      0       0       7        0.0%
BITBANK1            50      0       0       6        0.0%
SFR1                 0      0       0       2        0.0%
BITSFR1              0      0       0       2        0.0%
BANK0               50      C      18       5       30.0%
BITBANK0            50      0       0       4        0.0%
SFR0                 0      0       0       1        0.0%
BITSFR0              0      0       0       1        0.0%
COMMON               E      4       4       1       28.6%
BITCOMMON            E      0       0       0        0.0%
CODE                 0      0       0       0        0.0%
DATA                 0      0      1C      12        0.0%
ABS                  0      0      1C       3        0.0%
NULL                 0      0       0       0        0.0%
STACK                0      0       0       2        0.0%
EEDATA             100      0       0       0        0.0%


Microchip Technology PIC Macro Assembler V2.00 build -1524193055 
Symbol Table                                                                                   Wed Dec  5 11:13:15 2018

                      pc 0002                       l20 07E7                       l21 07EA  
                     l22 07EB                       l23 07EB                       l17 07E1  
                     l18 07E2                       l19 07E2                       u30 07C9  
                     u40 07E6                       u41 07E5                       fsr 0004  
                    l610 07C1                      l620 07DF                      l612 07D6  
                    l622 07E7                      l614 07DA                      l616 07DB  
                    l618 07DC                      fsr0 0004                      indf 0000  
                   _main 07C1                     btemp 007E                     start 0000  
                  ?_main 0070            __CFG_WDTE$OFF 0000                    _SPBRG 0099  
                  _TXREG 0019                    pclath 000A                    status 0003  
                  wtemp0 007E          __initialization 07EE             __end_of_main 07EE  
                 ??_main 0070  __end_of__initialization 07FC           __pcstackCOMMON 0070  
           __pidataBANK0 07A2               __pmaintext 07C1     end_of_initialization 07FC  
              _RCSTAbits 0018               main@cadena 002C                _TXSTAbits 0098  
    start_initialization 07EE               init_fetch0 07AE              __pdataBANK0 0020  
              ___latbits 0002            __pcstackBANK0 002C   __CFG_FOSC$INTRC_CLKOUT 0000  
               _PIR1bits 000C                main@F1265 0020            __size_of_main 002D  
               init_ram0 07B2  
