

Microchip Technology PIC LITE Macro Assembler V2.00 build -1524193055 
                                                                                               Wed Dec  5 11:30:42 2018

Microchip Technology Omniscient Code Generator v2.00 (Free mode) build 20180527130849
     1  0000                     
      + 0000                     
     2                           ; Version 2.00
     3                           ; Generated 27/05/2018 GMT
     4                           
     5                           ; 
     6                           ; Copyright © 2018, Microchip Technology Inc. and its subsidiaries ("Microchip")
     7                           ; All rights reserved.
     8                           ; 
     9                           ; This software is developed by Microchip Technology Inc. and its subsidiaries ("Microch
                                 ip").
    10                           ; 
    11                           ; Redistribution and use in source and binary forms, with or without modification, are
    12                           ; permitted provided that the following conditions are met:
    13                           ; 
    14                           ;     1. Redistributions of source code must retain the above copyright notice, this lis
                                 t of
    15                           ;        conditions and the following disclaimer.
    16                           ; 
    17                           ;     2. Redistributions in binary form must reproduce the above copyright notice, this 
                                 list
    18                           ;        of conditions and the following disclaimer in the documentation and/or other
    19                           ;        materials provided with the distribution.
    20                           ; 
    21                           ;     3. Microchip's name may not be used to endorse or promote products derived from th
                                 is
    22                           ;        software without specific prior written permission.
    23                           ; 
    24                           ; THIS SOFTWARE IS PROVIDED BY MICROCHIP "AS IS" AND ANY EXPRESS OR IMPLIED WARRANTIES,

    25                           ; INCLUDING, BUT NOT LIMITED TO, THE IMPLIED WARRANTIES OF MERCHANTABILITY AND FITNESS F
                                 OR
    26                           ; PURPOSE ARE DISCLAIMED.  IN NO EVENT SHALL MICROCHIP BE LIABLE FOR ANY DIRECT, INDIREC
                                 T,
    27                           ; INCIDENTAL, SPECIAL, EXEMPLARY, OR CONSEQUENTIAL DAMAGES (INCLUDING BUT NOT LIMITED TO
                                 
    28                           ; PROCUREMENT OF SUBSTITUTE GOODS OR SERVICES; LOSS OF USE, DATA OR PROFITS; OR BUSINESS
                                 
    29                           ; INTERRUPTION) HOWSOEVER CAUSED AND ON ANY THEORY OF LIABILITY, WHETHER IN CONTRACT, ST
                                 RICT
    30                           ; LIABILITY, OR TORT (INCLUDING NEGLIGENCE OR OTHERWISE) ARISING IN ANY WAY OUT OF THE U
                                 SE OF
    31                           ; THIS SOFTWARE, EVEN IF ADVISED OF THE POSSIBILITY OF SUCH DAMAGE.
    32                           ; 
    33                           
    34                           
    35                           ; 
    36                           ; Code-generator required, PIC16F887 Definitions
    37                           ; 
    38  0004                     fsr0 equ 04h
    39  0004                     indf equ 00h
    40  0000                     indf0 equ 00h
    41  0000                     pc equ 02h
    42  0002                     pcl equ 02h
    43  0002                     pclath equ 0Ah
    44  000A                     status equ 03h
    45  0003                     
     2                           opt pagewidth 120
     3  0000                     byte0	macro	val
     4                           	(getbyte(val,0))
     5                           endm
     6  0000                     byte1	macro	val
     7                           	(getbyte(val,1))
     8                           endm
     9  0000                     byte2	macro	val
    10                           	(getbyte(val,2))
    11                           endm
    12  0000                     byte3	macro	val
    13                           	(getbyte(val,3))
    14                           endm
    15  0000                     byte4	macro	val
    16                           	(getbyte(val,4))
    17                           endm
    18  0000                     byte5	macro	val
    19                           	(getbyte(val,5))
    20                           endm
    21  0000                     byte6	macro	val
    22                           	(getbyte(val,6))
    23                           endm
    24  0000                     byte7	macro	val
    25                           	(getbyte(val,7))
    26                           endm
    27  0000                     getword	macro	val,pos
    28                           	(((val) >> (8 * pos)) and 0xffff)
    29                           endm
    30  0000                     word0	macro	val
    31                           	(getword(val,0))
    32                           endm
    33  0000                     word1	macro	val
    34                           	(getword(val,2))
    35                           endm
    36  0000                     word2	macro	val
    37                           	(getword(val,4))
    38                           endm
    39  0000                     word3	macro	val
    40                           	(getword(val,6))
    41                           endm
    42  0000                     gettword	macro	val,pos
    43                           	(((val) >> (8 * pos)) and 0xffffff)
    44                           endm
    45  0000                     tword0	macro	val
    46                           	(gettword(val,0))
    47                           endm
    48  0000                     tword1	macro	val
    49                           	(gettword(val,3))
    50                           endm
    51  0000                     tword2	macro	val
    52                           	(gettword(val,6))
    53                           endm
    54  0000                     getdword	macro	val,pos
    55                           	(((val) >> (8 * pos)) and 0xffffffff)
    56                           endm
    57  0000                     dword0	macro	val
    58                           	(getdword(val,0))
    59                           endm
    60  0000                     dword1	macro	val
    61                           	(getdword(val,4))
    62                           endm
    63  0000                     clrc	macro
    64                           	bcf	3,0
    65                           	endm
    66  0000                     clrz	macro
    67                           	bcf	3,2
    68                           	endm
    69  0000                     setc	macro
    70                           	bsf	3,0
    71                           	endm
    72  0000                     setz	macro
    73                           	bsf	3,2
    74                           	endm
    75  0000                     skipc	macro
    76                           	btfss	3,0
    77                           	endm
    78  0000                     skipz	macro
    79                           	btfss	3,2
    80                           	endm
    81  0000                     skipnc	macro
    82                           	btfsc	3,0
    83                           	endm
    84  0000                     skipnz	macro
    85                           	btfsc	3,2
    86                           	endm
    87  0000                     # 54 "/opt/microchip/xc8/v2.00/pic/include/pic16f887.h"
    88                           INDF equ 00h ;# 
    89  0000                     # 61 "/opt/microchip/xc8/v2.00/pic/include/pic16f887.h"
    90                           TMR0 equ 01h ;# 
    91  0001                     # 68 "/opt/microchip/xc8/v2.00/pic/include/pic16f887.h"
    92                           PCL equ 02h ;# 
    93  0002                     # 75 "/opt/microchip/xc8/v2.00/pic/include/pic16f887.h"
    94                           STATUS equ 03h ;# 
    95  0003                     # 161 "/opt/microchip/xc8/v2.00/pic/include/pic16f887.h"
    96                           FSR equ 04h ;# 
    97  0004                     # 168 "/opt/microchip/xc8/v2.00/pic/include/pic16f887.h"
    98                           PORTA equ 05h ;# 
    99  0005                     # 230 "/opt/microchip/xc8/v2.00/pic/include/pic16f887.h"
   100                           PORTB equ 06h ;# 
   101  0006                     # 292 "/opt/microchip/xc8/v2.00/pic/include/pic16f887.h"
   102                           PORTC equ 07h ;# 
   103  0007                     # 354 "/opt/microchip/xc8/v2.00/pic/include/pic16f887.h"
   104                           PORTD equ 08h ;# 
   105  0008                     # 416 "/opt/microchip/xc8/v2.00/pic/include/pic16f887.h"
   106                           PORTE equ 09h ;# 
   107  0009                     # 454 "/opt/microchip/xc8/v2.00/pic/include/pic16f887.h"
   108                           PCLATH equ 0Ah ;# 
   109  000A                     # 461 "/opt/microchip/xc8/v2.00/pic/include/pic16f887.h"
   110                           INTCON equ 0Bh ;# 
   111  000B                     # 539 "/opt/microchip/xc8/v2.00/pic/include/pic16f887.h"
   112                           PIR1 equ 0Ch ;# 
   113  000C                     # 595 "/opt/microchip/xc8/v2.00/pic/include/pic16f887.h"
   114                           PIR2 equ 0Dh ;# 
   115  000D                     # 652 "/opt/microchip/xc8/v2.00/pic/include/pic16f887.h"
   116                           TMR1 equ 0Eh ;# 
   117  000E                     # 659 "/opt/microchip/xc8/v2.00/pic/include/pic16f887.h"
   118                           TMR1L equ 0Eh ;# 
   119  000E                     # 666 "/opt/microchip/xc8/v2.00/pic/include/pic16f887.h"
   120                           TMR1H equ 0Fh ;# 
   121  000F                     # 673 "/opt/microchip/xc8/v2.00/pic/include/pic16f887.h"
   122                           T1CON equ 010h ;# 
   123  0010                     # 767 "/opt/microchip/xc8/v2.00/pic/include/pic16f887.h"
   124                           TMR2 equ 011h ;# 
   125  0011                     # 774 "/opt/microchip/xc8/v2.00/pic/include/pic16f887.h"
   126                           T2CON equ 012h ;# 
   127  0012                     # 845 "/opt/microchip/xc8/v2.00/pic/include/pic16f887.h"
   128                           SSPBUF equ 013h ;# 
   129  0013                     # 852 "/opt/microchip/xc8/v2.00/pic/include/pic16f887.h"
   130                           SSPCON equ 014h ;# 
   131  0014                     # 922 "/opt/microchip/xc8/v2.00/pic/include/pic16f887.h"
   132                           CCPR1 equ 015h ;# 
   133  0015                     # 929 "/opt/microchip/xc8/v2.00/pic/include/pic16f887.h"
   134                           CCPR1L equ 015h ;# 
   135  0015                     # 936 "/opt/microchip/xc8/v2.00/pic/include/pic16f887.h"
   136                           CCPR1H equ 016h ;# 
   137  0016                     # 943 "/opt/microchip/xc8/v2.00/pic/include/pic16f887.h"
   138                           CCP1CON equ 017h ;# 
   139  0017                     # 1040 "/opt/microchip/xc8/v2.00/pic/include/pic16f887.h"
   140                           RCSTA equ 018h ;# 
   141  0018                     # 1135 "/opt/microchip/xc8/v2.00/pic/include/pic16f887.h"
   142                           TXREG equ 019h ;# 
   143  0019                     # 1142 "/opt/microchip/xc8/v2.00/pic/include/pic16f887.h"
   144                           RCREG equ 01Ah ;# 
   145  001A                     # 1149 "/opt/microchip/xc8/v2.00/pic/include/pic16f887.h"
   146                           CCPR2 equ 01Bh ;# 
   147  001B                     # 1156 "/opt/microchip/xc8/v2.00/pic/include/pic16f887.h"
   148                           CCPR2L equ 01Bh ;# 
   149  001B                     # 1163 "/opt/microchip/xc8/v2.00/pic/include/pic16f887.h"
   150                           CCPR2H equ 01Ch ;# 
   151  001C                     # 1170 "/opt/microchip/xc8/v2.00/pic/include/pic16f887.h"
   152                           CCP2CON equ 01Dh ;# 
   153  001D                     # 1240 "/opt/microchip/xc8/v2.00/pic/include/pic16f887.h"
   154                           ADRESH equ 01Eh ;# 
   155  001E                     # 1247 "/opt/microchip/xc8/v2.00/pic/include/pic16f887.h"
   156                           ADCON0 equ 01Fh ;# 
   157  001F                     # 1348 "/opt/microchip/xc8/v2.00/pic/include/pic16f887.h"
   158                           OPTION_REG equ 081h ;# 
   159  0081                     # 1418 "/opt/microchip/xc8/v2.00/pic/include/pic16f887.h"
   160                           TRISA equ 085h ;# 
   161  0085                     # 1480 "/opt/microchip/xc8/v2.00/pic/include/pic16f887.h"
   162                           TRISB equ 086h ;# 
   163  0086                     # 1542 "/opt/microchip/xc8/v2.00/pic/include/pic16f887.h"
   164                           TRISC equ 087h ;# 
   165  0087                     # 1604 "/opt/microchip/xc8/v2.00/pic/include/pic16f887.h"
   166                           TRISD equ 088h ;# 
   167  0088                     # 1666 "/opt/microchip/xc8/v2.00/pic/include/pic16f887.h"
   168                           TRISE equ 089h ;# 
   169  0089                     # 1704 "/opt/microchip/xc8/v2.00/pic/include/pic16f887.h"
   170                           PIE1 equ 08Ch ;# 
   171  008C                     # 1760 "/opt/microchip/xc8/v2.00/pic/include/pic16f887.h"
   172                           PIE2 equ 08Dh ;# 
   173  008D                     # 1817 "/opt/microchip/xc8/v2.00/pic/include/pic16f887.h"
   174                           PCON equ 08Eh ;# 
   175  008E                     # 1864 "/opt/microchip/xc8/v2.00/pic/include/pic16f887.h"
   176                           OSCCON equ 08Fh ;# 
   177  008F                     # 1929 "/opt/microchip/xc8/v2.00/pic/include/pic16f887.h"
   178                           OSCTUNE equ 090h ;# 
   179  0090                     # 1981 "/opt/microchip/xc8/v2.00/pic/include/pic16f887.h"
   180                           SSPCON2 equ 091h ;# 
   181  0091                     # 2043 "/opt/microchip/xc8/v2.00/pic/include/pic16f887.h"
   182                           PR2 equ 092h ;# 
   183  0092                     # 2050 "/opt/microchip/xc8/v2.00/pic/include/pic16f887.h"
   184                           SSPADD equ 093h ;# 
   185  0093                     # 2057 "/opt/microchip/xc8/v2.00/pic/include/pic16f887.h"
   186                           SSPMSK equ 093h ;# 
   187  0093                     # 2062 "/opt/microchip/xc8/v2.00/pic/include/pic16f887.h"
   188                           MSK equ 093h ;# 
   189  0093                     # 2179 "/opt/microchip/xc8/v2.00/pic/include/pic16f887.h"
   190                           SSPSTAT equ 094h ;# 
   191  0094                     # 2348 "/opt/microchip/xc8/v2.00/pic/include/pic16f887.h"
   192                           WPUB equ 095h ;# 
   193  0095                     # 2418 "/opt/microchip/xc8/v2.00/pic/include/pic16f887.h"
   194                           IOCB equ 096h ;# 
   195  0096                     # 2488 "/opt/microchip/xc8/v2.00/pic/include/pic16f887.h"
   196                           VRCON equ 097h ;# 
   197  0097                     # 2558 "/opt/microchip/xc8/v2.00/pic/include/pic16f887.h"
   198                           TXSTA equ 098h ;# 
   199  0098                     # 2644 "/opt/microchip/xc8/v2.00/pic/include/pic16f887.h"
   200                           SPBRG equ 099h ;# 
   201  0099                     # 2706 "/opt/microchip/xc8/v2.00/pic/include/pic16f887.h"
   202                           SPBRGH equ 09Ah ;# 
   203  009A                     # 2776 "/opt/microchip/xc8/v2.00/pic/include/pic16f887.h"
   204                           PWM1CON equ 09Bh ;# 
   205  009B                     # 2846 "/opt/microchip/xc8/v2.00/pic/include/pic16f887.h"
   206                           ECCPAS equ 09Ch ;# 
   207  009C                     # 2928 "/opt/microchip/xc8/v2.00/pic/include/pic16f887.h"
   208                           PSTRCON equ 09Dh ;# 
   209  009D                     # 2972 "/opt/microchip/xc8/v2.00/pic/include/pic16f887.h"
   210                           ADRESL equ 09Eh ;# 
   211  009E                     # 2979 "/opt/microchip/xc8/v2.00/pic/include/pic16f887.h"
   212                           ADCON1 equ 09Fh ;# 
   213  009F                     # 3013 "/opt/microchip/xc8/v2.00/pic/include/pic16f887.h"
   214                           WDTCON equ 0105h ;# 
   215  0105                     # 3066 "/opt/microchip/xc8/v2.00/pic/include/pic16f887.h"
   216                           CM1CON0 equ 0107h ;# 
   217  0107                     # 3131 "/opt/microchip/xc8/v2.00/pic/include/pic16f887.h"
   218                           CM2CON0 equ 0108h ;# 
   219  0108                     # 3196 "/opt/microchip/xc8/v2.00/pic/include/pic16f887.h"
   220                           CM2CON1 equ 0109h ;# 
   221  0109                     # 3247 "/opt/microchip/xc8/v2.00/pic/include/pic16f887.h"
   222                           EEDATA equ 010Ch ;# 
   223  010C                     # 3252 "/opt/microchip/xc8/v2.00/pic/include/pic16f887.h"
   224                           EEDAT equ 010Ch ;# 
   225  010C                     # 3259 "/opt/microchip/xc8/v2.00/pic/include/pic16f887.h"
   226                           EEADR equ 010Dh ;# 
   227  010D                     # 3266 "/opt/microchip/xc8/v2.00/pic/include/pic16f887.h"
   228                           EEDATH equ 010Eh ;# 
   229  010E                     # 3273 "/opt/microchip/xc8/v2.00/pic/include/pic16f887.h"
   230                           EEADRH equ 010Fh ;# 
   231  010F                     # 3280 "/opt/microchip/xc8/v2.00/pic/include/pic16f887.h"
   232                           SRCON equ 0185h ;# 
   233  0185                     # 3337 "/opt/microchip/xc8/v2.00/pic/include/pic16f887.h"
   234                           BAUDCTL equ 0187h ;# 
   235  0187                     # 3389 "/opt/microchip/xc8/v2.00/pic/include/pic16f887.h"
   236                           ANSEL equ 0188h ;# 
   237  0188                     # 3451 "/opt/microchip/xc8/v2.00/pic/include/pic16f887.h"
   238                           ANSELH equ 0189h ;# 
   239  0189                     # 3501 "/opt/microchip/xc8/v2.00/pic/include/pic16f887.h"
   240                           EECON1 equ 018Ch ;# 
   241  018C                     # 3546 "/opt/microchip/xc8/v2.00/pic/include/pic16f887.h"
   242                           EECON2 equ 018Dh ;# 
   243  018D                     # 54 "/opt/microchip/xc8/v2.00/pic/include/pic16f887.h"
   244                           INDF equ 00h ;# 
   245  0000                     # 61 "/opt/microchip/xc8/v2.00/pic/include/pic16f887.h"
   246                           TMR0 equ 01h ;# 
   247  0001                     # 68 "/opt/microchip/xc8/v2.00/pic/include/pic16f887.h"
   248                           PCL equ 02h ;# 
   249  0002                     # 75 "/opt/microchip/xc8/v2.00/pic/include/pic16f887.h"
   250                           STATUS equ 03h ;# 
   251  0003                     # 161 "/opt/microchip/xc8/v2.00/pic/include/pic16f887.h"
   252                           FSR equ 04h ;# 
   253  0004                     # 168 "/opt/microchip/xc8/v2.00/pic/include/pic16f887.h"
   254                           PORTA equ 05h ;# 
   255  0005                     # 230 "/opt/microchip/xc8/v2.00/pic/include/pic16f887.h"
   256                           PORTB equ 06h ;# 
   257  0006                     # 292 "/opt/microchip/xc8/v2.00/pic/include/pic16f887.h"
   258                           PORTC equ 07h ;# 
   259  0007                     # 354 "/opt/microchip/xc8/v2.00/pic/include/pic16f887.h"
   260                           PORTD equ 08h ;# 
   261  0008                     # 416 "/opt/microchip/xc8/v2.00/pic/include/pic16f887.h"
   262                           PORTE equ 09h ;# 
   263  0009                     # 454 "/opt/microchip/xc8/v2.00/pic/include/pic16f887.h"
   264                           PCLATH equ 0Ah ;# 
   265  000A                     # 461 "/opt/microchip/xc8/v2.00/pic/include/pic16f887.h"
   266                           INTCON equ 0Bh ;# 
   267  000B                     # 539 "/opt/microchip/xc8/v2.00/pic/include/pic16f887.h"
   268                           PIR1 equ 0Ch ;# 
   269  000C                     # 595 "/opt/microchip/xc8/v2.00/pic/include/pic16f887.h"
   270                           PIR2 equ 0Dh ;# 
   271  000D                     # 652 "/opt/microchip/xc8/v2.00/pic/include/pic16f887.h"
   272                           TMR1 equ 0Eh ;# 
   273  000E                     # 659 "/opt/microchip/xc8/v2.00/pic/include/pic16f887.h"
   274                           TMR1L equ 0Eh ;# 
   275  000E                     # 666 "/opt/microchip/xc8/v2.00/pic/include/pic16f887.h"
   276                           TMR1H equ 0Fh ;# 
   277  000F                     # 673 "/opt/microchip/xc8/v2.00/pic/include/pic16f887.h"
   278                           T1CON equ 010h ;# 
   279  0010                     # 767 "/opt/microchip/xc8/v2.00/pic/include/pic16f887.h"
   280                           TMR2 equ 011h ;# 
   281  0011                     # 774 "/opt/microchip/xc8/v2.00/pic/include/pic16f887.h"
   282                           T2CON equ 012h ;# 
   283  0012                     # 845 "/opt/microchip/xc8/v2.00/pic/include/pic16f887.h"
   284                           SSPBUF equ 013h ;# 
   285  0013                     # 852 "/opt/microchip/xc8/v2.00/pic/include/pic16f887.h"
   286                           SSPCON equ 014h ;# 
   287  0014                     # 922 "/opt/microchip/xc8/v2.00/pic/include/pic16f887.h"
   288                           CCPR1 equ 015h ;# 
   289  0015                     # 929 "/opt/microchip/xc8/v2.00/pic/include/pic16f887.h"
   290                           CCPR1L equ 015h ;# 
   291  0015                     # 936 "/opt/microchip/xc8/v2.00/pic/include/pic16f887.h"
   292                           CCPR1H equ 016h ;# 
   293  0016                     # 943 "/opt/microchip/xc8/v2.00/pic/include/pic16f887.h"
   294                           CCP1CON equ 017h ;# 
   295  0017                     # 1040 "/opt/microchip/xc8/v2.00/pic/include/pic16f887.h"
   296                           RCSTA equ 018h ;# 
   297  0018                     # 1135 "/opt/microchip/xc8/v2.00/pic/include/pic16f887.h"
   298                           TXREG equ 019h ;# 
   299  0019                     # 1142 "/opt/microchip/xc8/v2.00/pic/include/pic16f887.h"
   300                           RCREG equ 01Ah ;# 
   301  001A                     # 1149 "/opt/microchip/xc8/v2.00/pic/include/pic16f887.h"
   302                           CCPR2 equ 01Bh ;# 
   303  001B                     # 1156 "/opt/microchip/xc8/v2.00/pic/include/pic16f887.h"
   304                           CCPR2L equ 01Bh ;# 
   305  001B                     # 1163 "/opt/microchip/xc8/v2.00/pic/include/pic16f887.h"
   306                           CCPR2H equ 01Ch ;# 
   307  001C                     # 1170 "/opt/microchip/xc8/v2.00/pic/include/pic16f887.h"
   308                           CCP2CON equ 01Dh ;# 
   309  001D                     # 1240 "/opt/microchip/xc8/v2.00/pic/include/pic16f887.h"
   310                           ADRESH equ 01Eh ;# 
   311  001E                     # 1247 "/opt/microchip/xc8/v2.00/pic/include/pic16f887.h"
   312                           ADCON0 equ 01Fh ;# 
   313  001F                     # 1348 "/opt/microchip/xc8/v2.00/pic/include/pic16f887.h"
   314                           OPTION_REG equ 081h ;# 
   315  0081                     # 1418 "/opt/microchip/xc8/v2.00/pic/include/pic16f887.h"
   316                           TRISA equ 085h ;# 
   317  0085                     # 1480 "/opt/microchip/xc8/v2.00/pic/include/pic16f887.h"
   318                           TRISB equ 086h ;# 
   319  0086                     # 1542 "/opt/microchip/xc8/v2.00/pic/include/pic16f887.h"
   320                           TRISC equ 087h ;# 
   321  0087                     # 1604 "/opt/microchip/xc8/v2.00/pic/include/pic16f887.h"
   322                           TRISD equ 088h ;# 
   323  0088                     # 1666 "/opt/microchip/xc8/v2.00/pic/include/pic16f887.h"
   324                           TRISE equ 089h ;# 
   325  0089                     # 1704 "/opt/microchip/xc8/v2.00/pic/include/pic16f887.h"
   326                           PIE1 equ 08Ch ;# 
   327  008C                     # 1760 "/opt/microchip/xc8/v2.00/pic/include/pic16f887.h"
   328                           PIE2 equ 08Dh ;# 
   329  008D                     # 1817 "/opt/microchip/xc8/v2.00/pic/include/pic16f887.h"
   330                           PCON equ 08Eh ;# 
   331  008E                     # 1864 "/opt/microchip/xc8/v2.00/pic/include/pic16f887.h"
   332                           OSCCON equ 08Fh ;# 
   333  008F                     # 1929 "/opt/microchip/xc8/v2.00/pic/include/pic16f887.h"
   334                           OSCTUNE equ 090h ;# 
   335  0090                     # 1981 "/opt/microchip/xc8/v2.00/pic/include/pic16f887.h"
   336                           SSPCON2 equ 091h ;# 
   337  0091                     # 2043 "/opt/microchip/xc8/v2.00/pic/include/pic16f887.h"
   338                           PR2 equ 092h ;# 
   339  0092                     # 2050 "/opt/microchip/xc8/v2.00/pic/include/pic16f887.h"
   340                           SSPADD equ 093h ;# 
   341  0093                     # 2057 "/opt/microchip/xc8/v2.00/pic/include/pic16f887.h"
   342                           SSPMSK equ 093h ;# 
   343  0093                     # 2062 "/opt/microchip/xc8/v2.00/pic/include/pic16f887.h"
   344                           MSK equ 093h ;# 
   345  0093                     # 2179 "/opt/microchip/xc8/v2.00/pic/include/pic16f887.h"
   346                           SSPSTAT equ 094h ;# 
   347  0094                     # 2348 "/opt/microchip/xc8/v2.00/pic/include/pic16f887.h"
   348                           WPUB equ 095h ;# 
   349  0095                     # 2418 "/opt/microchip/xc8/v2.00/pic/include/pic16f887.h"
   350                           IOCB equ 096h ;# 
   351  0096                     # 2488 "/opt/microchip/xc8/v2.00/pic/include/pic16f887.h"
   352                           VRCON equ 097h ;# 
   353  0097                     # 2558 "/opt/microchip/xc8/v2.00/pic/include/pic16f887.h"
   354                           TXSTA equ 098h ;# 
   355  0098                     # 2644 "/opt/microchip/xc8/v2.00/pic/include/pic16f887.h"
   356                           SPBRG equ 099h ;# 
   357  0099                     # 2706 "/opt/microchip/xc8/v2.00/pic/include/pic16f887.h"
   358                           SPBRGH equ 09Ah ;# 
   359  009A                     # 2776 "/opt/microchip/xc8/v2.00/pic/include/pic16f887.h"
   360                           PWM1CON equ 09Bh ;# 
   361  009B                     # 2846 "/opt/microchip/xc8/v2.00/pic/include/pic16f887.h"
   362                           ECCPAS equ 09Ch ;# 
   363  009C                     # 2928 "/opt/microchip/xc8/v2.00/pic/include/pic16f887.h"
   364                           PSTRCON equ 09Dh ;# 
   365  009D                     # 2972 "/opt/microchip/xc8/v2.00/pic/include/pic16f887.h"
   366                           ADRESL equ 09Eh ;# 
   367  009E                     # 2979 "/opt/microchip/xc8/v2.00/pic/include/pic16f887.h"
   368                           ADCON1 equ 09Fh ;# 
   369  009F                     # 3013 "/opt/microchip/xc8/v2.00/pic/include/pic16f887.h"
   370                           WDTCON equ 0105h ;# 
   371  0105                     # 3066 "/opt/microchip/xc8/v2.00/pic/include/pic16f887.h"
   372                           CM1CON0 equ 0107h ;# 
   373  0107                     # 3131 "/opt/microchip/xc8/v2.00/pic/include/pic16f887.h"
   374                           CM2CON0 equ 0108h ;# 
   375  0108                     # 3196 "/opt/microchip/xc8/v2.00/pic/include/pic16f887.h"
   376                           CM2CON1 equ 0109h ;# 
   377  0109                     # 3247 "/opt/microchip/xc8/v2.00/pic/include/pic16f887.h"
   378                           EEDATA equ 010Ch ;# 
   379  010C                     # 3252 "/opt/microchip/xc8/v2.00/pic/include/pic16f887.h"
   380                           EEDAT equ 010Ch ;# 
   381  010C                     # 3259 "/opt/microchip/xc8/v2.00/pic/include/pic16f887.h"
   382                           EEADR equ 010Dh ;# 
   383  010D                     # 3266 "/opt/microchip/xc8/v2.00/pic/include/pic16f887.h"
   384                           EEDATH equ 010Eh ;# 
   385  010E                     # 3273 "/opt/microchip/xc8/v2.00/pic/include/pic16f887.h"
   386                           EEADRH equ 010Fh ;# 
   387  010F                     # 3280 "/opt/microchip/xc8/v2.00/pic/include/pic16f887.h"
   388                           SRCON equ 0185h ;# 
   389  0185                     # 3337 "/opt/microchip/xc8/v2.00/pic/include/pic16f887.h"
   390                           BAUDCTL equ 0187h ;# 
   391  0187                     # 3389 "/opt/microchip/xc8/v2.00/pic/include/pic16f887.h"
   392                           ANSEL equ 0188h ;# 
   393  0188                     # 3451 "/opt/microchip/xc8/v2.00/pic/include/pic16f887.h"
   394                           ANSELH equ 0189h ;# 
   395  0189                     # 3501 "/opt/microchip/xc8/v2.00/pic/include/pic16f887.h"
   396                           EECON1 equ 018Ch ;# 
   397  018C                     # 3546 "/opt/microchip/xc8/v2.00/pic/include/pic16f887.h"
   398                           EECON2 equ 018Dh ;# 
   399  018D                     	FNROOT	_main
   400                           	global	main@F1265
   401                           psect	idataBANK1,class=CODE,space=0,delta=2,noexec
   402                           global __pidataBANK1
   403                           __pidataBANK1:
   404  077D                     	file	"holaMundoUsart.c"
   405                           	line	12
   406                           
   407                           ;initializer for main@F1265
   408                           	retlw	048h
   409  077D  3448               	retlw	06Fh
   410  077E  346F               	retlw	06Ch
   411  077F  346C               	retlw	061h
   412  0780  3461               	retlw	020h
   413  0781  3420               	retlw	06Dh
   414  0782  346D               	retlw	075h
   415  0783  3475               	retlw	06Eh
   416  0784  346E               	retlw	064h
   417  0785  3464               	retlw	06Fh
   418  0786  346F               	retlw	02Eh
   419  0787  342E               	retlw	020h
   420  0788  3420               	retlw	059h
   421  0789  3459               	retlw	061h
   422  078A  3461               	retlw	020h
   423  078B  3420               	retlw	06Dh
   424  078C  346D               	retlw	065h
   425  078D  3465               	retlw	020h
   426  078E  3420               	retlw	071h
   427  078F  3471               	retlw	075h
   428  0790  3475               	retlw	065h
   429  0791  3465               	retlw	064h
   430  0792  3464               	retlw	06Fh
   431  0793  346F               	retlw	020h
   432  0794  3420               	retlw	06Ch
   433  0795  346C               	retlw	061h
   434  0796  3461               	retlw	020h
   435  0797  3420               	retlw	070h
   436  0798  3470               	retlw	072h
   437  0799  3472               	retlw	061h
   438  079A  3461               	retlw	063h
   439  079B  3463               	retlw	074h
   440  079C  3474               	retlw	069h
   441  079D  3469               	retlw	063h
   442  079E  3463               	retlw	061h
   443  079F  3461               	retlw	02Eh
   444  07A0  342E               	retlw	020h
   445  07A1  3420               	retlw	03Ah
   446  07A2  343A               	retlw	033h
   447  07A3  3433               	retlw	020h
   448  07A4  3420               	retlw	03Ch
   449  07A5  343C               	retlw	033h
   450  07A6  3433               	retlw	0Ah
   451  07A7  340A               	retlw	low(0)
   452  07A8  3400               	global	_TXREG
   453                           _TXREG	set	0x19
   454  0019                     	global	_PIR1bits
   455                           _PIR1bits	set	0xC
   456  000C                     	global	_RCSTAbits
   457                           _RCSTAbits	set	0x18
   458  0018                     	global	_TXSTAbits
   459                           _TXSTAbits	set	0x98
   460  0098                     	global	_SPBRG
   461                           _SPBRG	set	0x99
   462  0099                     ; #config settings
   463                           global __CFG_FOSC$INTRC_CLKOUT
   464                           __CFG_FOSC$INTRC_CLKOUT equ 0x0
   465  0000                     global __CFG_WDTE$OFF
   466                           __CFG_WDTE$OFF equ 0x0
   467  0000                     	file	"/tmp/xcXpluFQC"
   468                           	line	#
   469                           psect cinit,class=CODE,delta=2
   470                           global start_initialization
   471                           start_initialization:
   472  07EE                     
   473                           global __initialization
   474                           __initialization:
   475  07EE                     psect	dataBANK1,class=BANK1,space=1,noexec
   476                           global __pdataBANK1
   477                           __pdataBANK1:
   478  00A0                     	file	"holaMundoUsart.c"
   479                           	line	12
   480                           main@F1265:
   481  00A0                            ds      44
   482  00A0                     
   483                           	file	"/tmp/xcXpluFQC"
   484                           	line	#
   485                           global btemp
   486                           psect inittext,class=CODE,delta=2
   487                           global init_fetch0,btemp
   488                           ;	Called with low address in FSR and high address in W
   489                           init_fetch0:
   490  076A                     	movf btemp,w
   491  076A  087E               	movwf pclath
   492  076B  008A               	movf btemp+1,w
   493  076C  087F               	movwf pc
   494  076D  0082               global init_ram0
   495                           ;Called with:
   496                           ;	high address of idata address in btemp 
   497                           ;	low address of idata address in btemp+1 
   498                           ;	low address of data in FSR
   499                           ;	high address + 1 of data in btemp-1
   500                           init_ram0:
   501  076E                     	fcall init_fetch0
   502  076E  120A  118A  276A  120A  118A  	movwf indf,f
   503  0773  0080               	incf fsr,f
   504  0774  0A84               	movf fsr,w
   505  0775  0804               	xorwf btemp-1,w
   506  0776  067D               	btfsc status,2
   507  0777  1903               	retlw 0
   508  0778  3400               	incf btemp+1,f
   509  0779  0AFF               	btfsc status,2
   510  077A  1903               	incf btemp,f
   511  077B  0AFE               	goto init_ram0
   512  077C  2F6E               ; Initialize objects allocated to BANK1
   513                           psect cinit,class=CODE,delta=2,merge=1
   514                           global init_ram0, __pidataBANK1
   515                           	bcf	status, 7	;select IRP bank0
   516  07EE  1383               	movlw low(__pdataBANK1+44)
   517  07EF  30CC               	movwf btemp-1,f
   518  07F0  00FD               	movlw high(__pidataBANK1)
   519  07F1  3007               	movwf btemp,f
   520  07F2  00FE               	movlw low(__pidataBANK1)
   521  07F3  307D               	movwf btemp+1,f
   522  07F4  00FF               	movlw low(__pdataBANK1)
   523  07F5  30A0               	movwf fsr,f
   524  07F6  0084               	fcall init_ram0
   525  07F7  120A  118A  276E  120A  118A  psect cinit,class=CODE,delta=2,merge=1
   526                           global end_of_initialization,__end_of__initialization
   527                           
   528                           ;End of C runtime variable initialization code
   529                           
   530                           end_of_initialization:
   531  07FC                     __end_of__initialization:
   532  07FC                     clrf status
   533  07FC  0183               ljmp _main	;jump to C main() function
   534  07FD  120A  118A  2FA9   psect	cstackCOMMON,class=COMMON,space=1,noexec
   535                           global __pcstackCOMMON
   536                           __pcstackCOMMON:
   537  0070                     ?_main:	; 1 bytes @ 0x0
   538  0070                     ??_main:	; 1 bytes @ 0x0
   539  0070                     	ds	4
   540  0070                     psect	cstackBANK0,class=BANK0,space=1,noexec
   541                           global __pcstackBANK0
   542                           __pcstackBANK0:
   543  0020                     	global	main@cadena
   544                           main@cadena:	; 44 bytes @ 0x0
   545  0020                     	ds	44
   546  0020                     	global	main@i
   547                           main@i:	; 1 bytes @ 0x2C
   548  004C                     	ds	1
   549  004C                     ;!
   550                           ;!Data Sizes:
   551                           ;!    Strings     0
   552                           ;!    Constant    0
   553                           ;!    Data        44
   554                           ;!    BSS         0
   555                           ;!    Persistent  0
   556                           ;!    Stack       0
   557                           ;!
   558                           ;!Auto Spaces:
   559                           ;!    Space          Size  Autos    Used
   560                           ;!    COMMON           14      4       4
   561                           ;!    BANK0            80     45      45
   562                           ;!    BANK1            80      0      44
   563                           ;!    BANK3            96      0       0
   564                           ;!    BANK2            96      0       0
   565                           
   566                           ;!
   567                           ;!Pointer List with Targets:
   568                           ;!
   569                           ;!    None.
   570                           
   571                           
   572                           ;!
   573                           ;!Critical Paths under _main in COMMON
   574                           ;!
   575                           ;!    None.
   576                           ;!
   577                           ;!Critical Paths under _main in BANK0
   578                           ;!
   579                           ;!    None.
   580                           ;!
   581                           ;!Critical Paths under _main in BANK1
   582                           ;!
   583                           ;!    None.
   584                           ;!
   585                           ;!Critical Paths under _main in BANK3
   586                           ;!
   587                           ;!    None.
   588                           ;!
   589                           ;!Critical Paths under _main in BANK2
   590                           ;!
   591                           ;!    None.
   592                           
   593 ;;
   594 ;;Main: autosize = 0, tempsize = 4, incstack = 0, save=0
   595 ;;
   596                           
   597                           ;!
   598                           ;!Call Graph Tables:
   599                           ;!
   600                           ;! ---------------------------------------------------------------------------------
   601                           ;! (Depth) Function   	        Calls       Base Space   Used Autos Params    Refs
   602                           ;! ---------------------------------------------------------------------------------
   603                           ;! (0) _main                                                49    49      0      92
   604                           ;!                                              0 COMMON     4     4      0
   605                           ;!                                              0 BANK0     45    45      0
   606                           ;! ---------------------------------------------------------------------------------
   607                           ;! Estimated maximum stack depth 0
   608                           ;! ---------------------------------------------------------------------------------
   609                           ;!
   610                           ;! Call Graph Graphs:
   611                           ;!
   612                           ;! _main (ROOT)
   613                           ;!
   614                           
   615                           ;! Address spaces:
   616                           
   617                           ;!Name               Size   Autos  Total    Cost      Usage
   618                           ;!BANK3               60      0       0       9        0.0%
   619                           ;!BITBANK3            60      0       0       8        0.0%
   620                           ;!SFR3                 0      0       0       4        0.0%
   621                           ;!BITSFR3              0      0       0       4        0.0%
   622                           ;!BANK2               60      0       0      11        0.0%
   623                           ;!BITBANK2            60      0       0      10        0.0%
   624                           ;!SFR2                 0      0       0       5        0.0%
   625                           ;!BITSFR2              0      0       0       5        0.0%
   626                           ;!BANK1               50      0      2C       7       55.0%
   627                           ;!BITBANK1            50      0       0       6        0.0%
   628                           ;!SFR1                 0      0       0       2        0.0%
   629                           ;!BITSFR1              0      0       0       2        0.0%
   630                           ;!BANK0               50     2D      2D       5       56.2%
   631                           ;!BITBANK0            50      0       0       4        0.0%
   632                           ;!SFR0                 0      0       0       1        0.0%
   633                           ;!BITSFR0              0      0       0       1        0.0%
   634                           ;!COMMON               E      4       4       1       28.6%
   635                           ;!BITCOMMON            E      0       0       0        0.0%
   636                           ;!CODE                 0      0       0       0        0.0%
   637                           ;!DATA                 0      0      5D      12        0.0%
   638                           ;!ABS                  0      0      5D       3        0.0%
   639                           ;!NULL                 0      0       0       0        0.0%
   640                           ;!STACK                0      0       0       2        0.0%
   641                           ;!EEDATA             100      0       0       0        0.0%
   642                           
   643                           	global	_main
   644                           
   645 ;; *************** function _main *****************
   646 ;; Defined at:
   647 ;;		line 12 in file "holaMundoUsart.c"
   648 ;; Parameters:    Size  Location     Type
   649 ;;		None
   650 ;; Auto vars:     Size  Location     Type
   651 ;;  cadena         44    0[BANK0 ] unsigned char [44]
   652 ;;  i               1   44[BANK0 ] unsigned char 
   653 ;; Return value:  Size  Location     Type
   654 ;;                  1    wreg      void 
   655 ;; Registers used:
   656 ;;		wreg, fsr0l, fsr0h, status,2, status,0
   657 ;; Tracked objects:
   658 ;;		On entry : B00/0
   659 ;;		On exit  : 0/0
   660 ;;		Unchanged: 0/0
   661 ;; Data sizes:     COMMON   BANK0   BANK1   BANK3   BANK2
   662 ;;      Params:         0       0       0       0       0
   663 ;;      Locals:         0      45       0       0       0
   664 ;;      Temps:          4       0       0       0       0
   665 ;;      Totals:         4      45       0       0       0
   666 ;;Total ram usage:       49 bytes
   667 ;; This function calls:
   668 ;;		Nothing
   669 ;; This function is called by:
   670 ;;		Startup code after reset
   671 ;; This function uses a non-reentrant model
   672 ;;
   673                           psect	maintext,global,class=CODE,delta=2,split=1,group=0
   674                           	file	"holaMundoUsart.c"
   675                           	line	12
   676                           global __pmaintext
   677                           __pmaintext:	;psect for function _main
   678  07A9                     psect	maintext
   679                           	file	"holaMundoUsart.c"
   680                           	line	12
   681                           	global	__size_of_main
   682                           	__size_of_main	equ	__end_of_main-_main
   683  0045                     	
   684                           _main:	
   685  07A9                     ;incstack = 0
   686                           	opt	stack 8
   687                           ; Regs used in _main: [wreg-fsr0h+status,2+status,0]
   688                           	line	13
   689                           	
   690                           l622:	
   691  07A9                     ;holaMundoUsart.c: 13: 
   692                           	movlw	(main@cadena)&0ffh
   693  07A9  3020               	movwf	fsr0
   694  07AA  0084               	movlw	low(main@F1265)
   695  07AB  30A0               	movwf	(??_main+0)+0
   696  07AC  00F0               	movf	fsr0,w
   697  07AD  0804               	movwf	((??_main+0)+0+1)
   698  07AE  00F1               	movlw	44
   699  07AF  302C               	movwf	((??_main+0)+0+2)
   700  07B0  00F2               u50:
   701  07B1                     	movf	(??_main+0)+0,w
   702  07B1  0870               	movwf	fsr0
   703  07B2  0084               	bcf	status, 7	;select IRP bank1
   704  07B3  1383               	
   705                           	movf	indf,w
   706  07B4  0800               	movwf	((??_main+0)+0+3)
   707  07B5  00F3               	incf	(??_main+0)+0,f
   708  07B6  0AF0               	movf	((??_main+0)+0+1),w
   709  07B7  0871               	movwf	fsr0
   710  07B8  0084               	
   711                           	movf	((??_main+0)+0+3),w
   712  07B9  0873               	movwf	indf
   713  07BA  0080               	incf	((??_main+0)+0+1),f
   714  07BB  0AF1               	decfsz	((??_main+0)+0+2),f
   715  07BC  0BF2               	goto	u50
   716  07BD  2FB1               	
   717                           	line	18
   718                           	
   719                           l624:	
   720  07BE                     ;holaMundoUsart.c: 14: ;holaMundoUsart.c: 18: 
   721                           	movlw	low(019h)
   722  07BE  3019               	bsf	status, 5	;RP0=1, select bank1
   723  07BF  1683               	bcf	status, 6	;RP1=0, select bank1
   724  07C0  1303               	movwf	(153)^080h	;volatile
   725  07C1  0099               	line	21
   726                           	
   727                           l626:	
   728  07C2                     ;holaMundoUsart.c: 21: 
   729                           	bsf	(152)^080h,5	;volatile
   730  07C2  1698               	line	22
   731                           	
   732                           l628:	
   733  07C3                     ;holaMundoUsart.c: 22: 
   734                           	bsf	(152)^080h,2	;volatile
   735  07C3  1518               	line	23
   736                           	
   737                           l630:	
   738  07C4                     ;holaMundoUsart.c: 23: 
   739                           	bcf	status, 5	;RP0=0, select bank0
   740  07C4  1283               	bcf	status, 6	;RP1=0, select bank0
   741  07C5  1303               	bsf	(24),7	;volatile
   742  07C6  1798               	line	24
   743                           	
   744                           l632:	
   745  07C7                     ;holaMundoUsart.c: 24:         }
   746                           	bsf	(24),4	;volatile
   747  07C7  1618               	goto	l634
   748  07C8  2FC9               	line	27
   749                           	
   750                           l17:	
   751  07C9                     	line	28
   752                           	
   753                           l634:	
   754  07C9                     	clrf	(main@i)
   755  07C9  01CC               	
   756                           l636:	
   757  07CA                     	movlw	low(02Ah)
   758  07CA  302A               	subwf	(main@i),w
   759  07CB  024C               	skipc
   760  07CC  1C03               	goto	u61
   761  07CD  2FCF               	goto	u60
   762  07CE  2FD0               u61:
   763  07CF                     	goto	l20
   764  07CF  2FD3               u60:
   765  07D0                     	goto	l634
   766  07D0  2FC9               	
   767                           l638:	
   768  07D1                     	goto	l634
   769  07D1  2FC9               	
   770                           l18:	
   771  07D2                     	line	29
   772                           	goto	l20
   773  07D2  2FD3               	
   774                           l21:	
   775  07D3                     	
   776                           l20:	
   777  07D3                     	btfss	(12),4	;volatile
   778  07D3  1E0C               	goto	u71
   779  07D4  2FD6               	goto	u70
   780  07D5  2FD7               u71:
   781  07D6                     	goto	l20
   782  07D6  2FD3               u70:
   783  07D7                     	goto	l640
   784  07D7  2FD8               	
   785                           l22:	
   786  07D8                     	line	31
   787                           	
   788                           l640:	
   789  07D8                     	movf	(main@i),w
   790  07D8  084C               	addlw	low(main@cadena|((0x0)<<8))&0ffh
   791  07D9  3E20               	movwf	fsr0
   792  07DA  0084               	bcf	status, 7	;select IRP bank0
   793  07DB  1383               	movf	indf,w
   794  07DC  0800               	movwf	(25)	;volatile
   795  07DD  0099               	line	36
   796                           	
   797                           l642:	
   798  07DE                     	movlw	low(01h)
   799  07DE  3001               	movwf	(??_main+0)+0
   800  07DF  00F0               	movf	(??_main+0)+0,w
   801  07E0  0870               	addwf	(main@i),f
   802  07E1  07CC               	
   803                           l644:	
   804  07E2                     	movlw	low(02Ah)
   805  07E2  302A               	subwf	(main@i),w
   806  07E3  024C               	skipc
   807  07E4  1C03               	goto	u81
   808  07E5  2FE7               	goto	u80
   809  07E6  2FE8               u81:
   810  07E7                     	goto	l20
   811  07E7  2FD3               u80:
   812  07E8                     	goto	l634
   813  07E8  2FC9               	
   814                           l19:	
   815  07E9                     	goto	l634
   816  07E9  2FC9               	line	37
   817                           	
   818                           l23:	
   819  07EA                     	goto	l634
   820  07EA  2FC9               	
   821                           l24:	
   822  07EB                     	line	38
   823                           	
   824                           l25:	
   825  07EB                     	global	start
   826                           	ljmp	start
   827  07EB  120A  118A  2800   	opt stack 0
   828                           GLOBAL	__end_of_main
   829                           	__end_of_main:
   830  07EE                     	signat	_main,89
   831                           global	___latbits
   832                           ___latbits	equ	2
   833  0002                     	global	btemp
   834                           	btemp set 07Eh
   835  007E                     
   836                           	DABS	1,126,2	;btemp
   837                           	global	wtemp0
   838                           	wtemp0 set btemp+0
   839  007E                     	end


Data Sizes:
    Strings     0
    Constant    0
    Data        44
    BSS         0
    Persistent  0
    Stack       0

Auto Spaces:
    Space          Size  Autos    Used
    COMMON           14      4       4
    BANK0            80     45      45
    BANK1            80      0      44
    BANK3            96      0       0
    BANK2            96      0       0

Pointer List with Targets:

    None.

Critical Paths under _main in COMMON

    None.

Critical Paths under _main in BANK0

    None.

Critical Paths under _main in BANK1

    None.

Critical Paths under _main in BANK3

    None.

Critical Paths under _main in BANK2

    None.

Call Graph Tables:

 ---------------------------------------------------------------------------------
 (Depth) Function   	        Calls       Base Space   Used Autos Params    Refs
 ---------------------------------------------------------------------------------
 (0) _main                                                49    49      0      92
                                              0 COMMON     4     4      0
                                              0 BANK0     45    45      0
 ---------------------------------------------------------------------------------
 Estimated maximum stack depth 0
 ---------------------------------------------------------------------------------

 Call Graph Graphs:

 _main (ROOT)

 Address spaces:
Name               Size   Autos  Total    Cost      Usage
BANK3               60      0       0       9        0.0%
BITBANK3            60      0       0       8        0.0%
SFR3                 0      0       0       4        0.0%
BITSFR3              0      0       0       4        0.0%
BANK2               60      0       0      11        0.0%
BITBANK2            60      0       0      10        0.0%
SFR2                 0      0       0       5        0.0%
BITSFR2              0      0       0       5        0.0%
BANK1               50      0      2C       7       55.0%
BITBANK1            50      0       0       6        0.0%
SFR1                 0      0       0       2        0.0%
BITSFR1              0      0       0       2        0.0%
BANK0               50     2D      2D       5       56.2%
BITBANK0            50      0       0       4        0.0%
SFR0                 0      0       0       1        0.0%
BITSFR0              0      0       0       1        0.0%
COMMON               E      4       4       1       28.6%
BITCOMMON            E      0       0       0        0.0%
CODE                 0      0       0       0        0.0%
DATA                 0      0      5D      12        0.0%
ABS                  0      0      5D       3        0.0%
NULL                 0      0       0       0        0.0%
STACK                0      0       0       2        0.0%
EEDATA             100      0       0       0        0.0%


Microchip Technology PIC Macro Assembler V2.00 build -1524193055 
Symbol Table                                                                                   Wed Dec  5 11:30:42 2018

                      pc 0002                       l20 07D3                       l21 07D3  
                     l22 07D8                       l23 07EA                       l24 07EB  
                     l25 07EB                       l17 07C9                       l18 07D2  
                     l19 07E9                       u50 07B1                       u60 07D0  
                     u61 07CF                       u70 07D7                       u71 07D6  
                     u80 07E8                       u81 07E7                       fsr 0004  
                    l630 07C4                      l622 07A9                      l640 07D8  
                    l632 07C7                      l624 07BE                      l642 07DE  
                    l634 07C9                      l626 07C2                      l644 07E2  
                    l636 07CA                      l628 07C3                      l638 07D1  
                    fsr0 0004                      indf 0000                     _main 07A9  
                   btemp 007E                     start 0000                    ?_main 0070  
          __CFG_WDTE$OFF 0000                    _SPBRG 0099                    _TXREG 0019  
                  main@i 004C                    pclath 000A                    status 0003  
                  wtemp0 007E          __initialization 07EE             __end_of_main 07EE  
                 ??_main 0070  __end_of__initialization 07FC           __pcstackCOMMON 0070  
           __pidataBANK1 077D               __pmaintext 07A9     end_of_initialization 07FC  
              _RCSTAbits 0018               main@cadena 0020                _TXSTAbits 0098  
    start_initialization 07EE               init_fetch0 076A              __pdataBANK1 00A0  
              ___latbits 0002            __pcstackBANK0 0020   __CFG_FOSC$INTRC_CLKOUT 0000  
               _PIR1bits 000C                main@F1265 00A0            __size_of_main 0045  
               init_ram0 076E  
