

Microchip Technology PIC LITE Macro Assembler V2.00 build -1524193055 
                                                                                               Wed Dec 12 06:35:38 2018

Microchip Technology Omniscient Code Generator v2.00 (Free mode) build 20180527130849
     1  0000                     
      + 0000                     
     2                           ; Version 2.00
     3                           ; Generated 27/05/2018 GMT
     4                           
     5                           ; 
     6                           ; Copyright © 2018, Microchip Technology Inc. and its subsidiaries ("Microchip")
     7                           ; All rights reserved.
     8                           ; 
     9                           ; This software is developed by Microchip Technology Inc. and its subsidiaries ("Microch
                                 ip").
    10                           ; 
    11                           ; Redistribution and use in source and binary forms, with or without modification, are
    12                           ; permitted provided that the following conditions are met:
    13                           ; 
    14                           ;     1. Redistributions of source code must retain the above copyright notice, this lis
                                 t of
    15                           ;        conditions and the following disclaimer.
    16                           ; 
    17                           ;     2. Redistributions in binary form must reproduce the above copyright notice, this 
                                 list
    18                           ;        of conditions and the following disclaimer in the documentation and/or other
    19                           ;        materials provided with the distribution.
    20                           ; 
    21                           ;     3. Microchip's name may not be used to endorse or promote products derived from th
                                 is
    22                           ;        software without specific prior written permission.
    23                           ; 
    24                           ; THIS SOFTWARE IS PROVIDED BY MICROCHIP "AS IS" AND ANY EXPRESS OR IMPLIED WARRANTIES,

    25                           ; INCLUDING, BUT NOT LIMITED TO, THE IMPLIED WARRANTIES OF MERCHANTABILITY AND FITNESS F
                                 OR
    26                           ; PURPOSE ARE DISCLAIMED.  IN NO EVENT SHALL MICROCHIP BE LIABLE FOR ANY DIRECT, INDIREC
                                 T,
    27                           ; INCIDENTAL, SPECIAL, EXEMPLARY, OR CONSEQUENTIAL DAMAGES (INCLUDING BUT NOT LIMITED TO
                                 
    28                           ; PROCUREMENT OF SUBSTITUTE GOODS OR SERVICES; LOSS OF USE, DATA OR PROFITS; OR BUSINESS
                                 
    29                           ; INTERRUPTION) HOWSOEVER CAUSED AND ON ANY THEORY OF LIABILITY, WHETHER IN CONTRACT, ST
                                 RICT
    30                           ; LIABILITY, OR TORT (INCLUDING NEGLIGENCE OR OTHERWISE) ARISING IN ANY WAY OUT OF THE U
                                 SE OF
    31                           ; THIS SOFTWARE, EVEN IF ADVISED OF THE POSSIBILITY OF SUCH DAMAGE.
    32                           ; 
    33                           
    34                           
    35                           ; 
    36                           ; Code-generator required, PIC16F887 Definitions
    37                           ; 
    38  0004                     fsr0 equ 04h
    39  0004                     indf equ 00h
    40  0000                     indf0 equ 00h
    41  0000                     pc equ 02h
    42  0002                     pcl equ 02h
    43  0002                     pclath equ 0Ah
    44  000A                     status equ 03h
    45  0003                     
     2                           opt pagewidth 120
     3  0000                     byte0	macro	val
     4                           	(getbyte(val,0))
     5                           endm
     6  0000                     byte1	macro	val
     7                           	(getbyte(val,1))
     8                           endm
     9  0000                     byte2	macro	val
    10                           	(getbyte(val,2))
    11                           endm
    12  0000                     byte3	macro	val
    13                           	(getbyte(val,3))
    14                           endm
    15  0000                     byte4	macro	val
    16                           	(getbyte(val,4))
    17                           endm
    18  0000                     byte5	macro	val
    19                           	(getbyte(val,5))
    20                           endm
    21  0000                     byte6	macro	val
    22                           	(getbyte(val,6))
    23                           endm
    24  0000                     byte7	macro	val
    25                           	(getbyte(val,7))
    26                           endm
    27  0000                     getword	macro	val,pos
    28                           	(((val) >> (8 * pos)) and 0xffff)
    29                           endm
    30  0000                     word0	macro	val
    31                           	(getword(val,0))
    32                           endm
    33  0000                     word1	macro	val
    34                           	(getword(val,2))
    35                           endm
    36  0000                     word2	macro	val
    37                           	(getword(val,4))
    38                           endm
    39  0000                     word3	macro	val
    40                           	(getword(val,6))
    41                           endm
    42  0000                     gettword	macro	val,pos
    43                           	(((val) >> (8 * pos)) and 0xffffff)
    44                           endm
    45  0000                     tword0	macro	val
    46                           	(gettword(val,0))
    47                           endm
    48  0000                     tword1	macro	val
    49                           	(gettword(val,3))
    50                           endm
    51  0000                     tword2	macro	val
    52                           	(gettword(val,6))
    53                           endm
    54  0000                     getdword	macro	val,pos
    55                           	(((val) >> (8 * pos)) and 0xffffffff)
    56                           endm
    57  0000                     dword0	macro	val
    58                           	(getdword(val,0))
    59                           endm
    60  0000                     dword1	macro	val
    61                           	(getdword(val,4))
    62                           endm
    63  0000                     clrc	macro
    64                           	bcf	3,0
    65                           	endm
    66  0000                     clrz	macro
    67                           	bcf	3,2
    68                           	endm
    69  0000                     setc	macro
    70                           	bsf	3,0
    71                           	endm
    72  0000                     setz	macro
    73                           	bsf	3,2
    74                           	endm
    75  0000                     skipc	macro
    76                           	btfss	3,0
    77                           	endm
    78  0000                     skipz	macro
    79                           	btfss	3,2
    80                           	endm
    81  0000                     skipnc	macro
    82                           	btfsc	3,0
    83                           	endm
    84  0000                     skipnz	macro
    85                           	btfsc	3,2
    86                           	endm
    87  0000                     # 54 "/opt/microchip/xc8/v2.00/pic/include/pic16f887.h"
    88                           INDF equ 00h ;# 
    89  0000                     # 61 "/opt/microchip/xc8/v2.00/pic/include/pic16f887.h"
    90                           TMR0 equ 01h ;# 
    91  0001                     # 68 "/opt/microchip/xc8/v2.00/pic/include/pic16f887.h"
    92                           PCL equ 02h ;# 
    93  0002                     # 75 "/opt/microchip/xc8/v2.00/pic/include/pic16f887.h"
    94                           STATUS equ 03h ;# 
    95  0003                     # 161 "/opt/microchip/xc8/v2.00/pic/include/pic16f887.h"
    96                           FSR equ 04h ;# 
    97  0004                     # 168 "/opt/microchip/xc8/v2.00/pic/include/pic16f887.h"
    98                           PORTA equ 05h ;# 
    99  0005                     # 230 "/opt/microchip/xc8/v2.00/pic/include/pic16f887.h"
   100                           PORTB equ 06h ;# 
   101  0006                     # 292 "/opt/microchip/xc8/v2.00/pic/include/pic16f887.h"
   102                           PORTC equ 07h ;# 
   103  0007                     # 354 "/opt/microchip/xc8/v2.00/pic/include/pic16f887.h"
   104                           PORTD equ 08h ;# 
   105  0008                     # 416 "/opt/microchip/xc8/v2.00/pic/include/pic16f887.h"
   106                           PORTE equ 09h ;# 
   107  0009                     # 454 "/opt/microchip/xc8/v2.00/pic/include/pic16f887.h"
   108                           PCLATH equ 0Ah ;# 
   109  000A                     # 461 "/opt/microchip/xc8/v2.00/pic/include/pic16f887.h"
   110                           INTCON equ 0Bh ;# 
   111  000B                     # 539 "/opt/microchip/xc8/v2.00/pic/include/pic16f887.h"
   112                           PIR1 equ 0Ch ;# 
   113  000C                     # 595 "/opt/microchip/xc8/v2.00/pic/include/pic16f887.h"
   114                           PIR2 equ 0Dh ;# 
   115  000D                     # 652 "/opt/microchip/xc8/v2.00/pic/include/pic16f887.h"
   116                           TMR1 equ 0Eh ;# 
   117  000E                     # 659 "/opt/microchip/xc8/v2.00/pic/include/pic16f887.h"
   118                           TMR1L equ 0Eh ;# 
   119  000E                     # 666 "/opt/microchip/xc8/v2.00/pic/include/pic16f887.h"
   120                           TMR1H equ 0Fh ;# 
   121  000F                     # 673 "/opt/microchip/xc8/v2.00/pic/include/pic16f887.h"
   122                           T1CON equ 010h ;# 
   123  0010                     # 767 "/opt/microchip/xc8/v2.00/pic/include/pic16f887.h"
   124                           TMR2 equ 011h ;# 
   125  0011                     # 774 "/opt/microchip/xc8/v2.00/pic/include/pic16f887.h"
   126                           T2CON equ 012h ;# 
   127  0012                     # 845 "/opt/microchip/xc8/v2.00/pic/include/pic16f887.h"
   128                           SSPBUF equ 013h ;# 
   129  0013                     # 852 "/opt/microchip/xc8/v2.00/pic/include/pic16f887.h"
   130                           SSPCON equ 014h ;# 
   131  0014                     # 922 "/opt/microchip/xc8/v2.00/pic/include/pic16f887.h"
   132                           CCPR1 equ 015h ;# 
   133  0015                     # 929 "/opt/microchip/xc8/v2.00/pic/include/pic16f887.h"
   134                           CCPR1L equ 015h ;# 
   135  0015                     # 936 "/opt/microchip/xc8/v2.00/pic/include/pic16f887.h"
   136                           CCPR1H equ 016h ;# 
   137  0016                     # 943 "/opt/microchip/xc8/v2.00/pic/include/pic16f887.h"
   138                           CCP1CON equ 017h ;# 
   139  0017                     # 1040 "/opt/microchip/xc8/v2.00/pic/include/pic16f887.h"
   140                           RCSTA equ 018h ;# 
   141  0018                     # 1135 "/opt/microchip/xc8/v2.00/pic/include/pic16f887.h"
   142                           TXREG equ 019h ;# 
   143  0019                     # 1142 "/opt/microchip/xc8/v2.00/pic/include/pic16f887.h"
   144                           RCREG equ 01Ah ;# 
   145  001A                     # 1149 "/opt/microchip/xc8/v2.00/pic/include/pic16f887.h"
   146                           CCPR2 equ 01Bh ;# 
   147  001B                     # 1156 "/opt/microchip/xc8/v2.00/pic/include/pic16f887.h"
   148                           CCPR2L equ 01Bh ;# 
   149  001B                     # 1163 "/opt/microchip/xc8/v2.00/pic/include/pic16f887.h"
   150                           CCPR2H equ 01Ch ;# 
   151  001C                     # 1170 "/opt/microchip/xc8/v2.00/pic/include/pic16f887.h"
   152                           CCP2CON equ 01Dh ;# 
   153  001D                     # 1240 "/opt/microchip/xc8/v2.00/pic/include/pic16f887.h"
   154                           ADRESH equ 01Eh ;# 
   155  001E                     # 1247 "/opt/microchip/xc8/v2.00/pic/include/pic16f887.h"
   156                           ADCON0 equ 01Fh ;# 
   157  001F                     # 1348 "/opt/microchip/xc8/v2.00/pic/include/pic16f887.h"
   158                           OPTION_REG equ 081h ;# 
   159  0081                     # 1418 "/opt/microchip/xc8/v2.00/pic/include/pic16f887.h"
   160                           TRISA equ 085h ;# 
   161  0085                     # 1480 "/opt/microchip/xc8/v2.00/pic/include/pic16f887.h"
   162                           TRISB equ 086h ;# 
   163  0086                     # 1542 "/opt/microchip/xc8/v2.00/pic/include/pic16f887.h"
   164                           TRISC equ 087h ;# 
   165  0087                     # 1604 "/opt/microchip/xc8/v2.00/pic/include/pic16f887.h"
   166                           TRISD equ 088h ;# 
   167  0088                     # 1666 "/opt/microchip/xc8/v2.00/pic/include/pic16f887.h"
   168                           TRISE equ 089h ;# 
   169  0089                     # 1704 "/opt/microchip/xc8/v2.00/pic/include/pic16f887.h"
   170                           PIE1 equ 08Ch ;# 
   171  008C                     # 1760 "/opt/microchip/xc8/v2.00/pic/include/pic16f887.h"
   172                           PIE2 equ 08Dh ;# 
   173  008D                     # 1817 "/opt/microchip/xc8/v2.00/pic/include/pic16f887.h"
   174                           PCON equ 08Eh ;# 
   175  008E                     # 1864 "/opt/microchip/xc8/v2.00/pic/include/pic16f887.h"
   176                           OSCCON equ 08Fh ;# 
   177  008F                     # 1929 "/opt/microchip/xc8/v2.00/pic/include/pic16f887.h"
   178                           OSCTUNE equ 090h ;# 
   179  0090                     # 1981 "/opt/microchip/xc8/v2.00/pic/include/pic16f887.h"
   180                           SSPCON2 equ 091h ;# 
   181  0091                     # 2043 "/opt/microchip/xc8/v2.00/pic/include/pic16f887.h"
   182                           PR2 equ 092h ;# 
   183  0092                     # 2050 "/opt/microchip/xc8/v2.00/pic/include/pic16f887.h"
   184                           SSPADD equ 093h ;# 
   185  0093                     # 2057 "/opt/microchip/xc8/v2.00/pic/include/pic16f887.h"
   186                           SSPMSK equ 093h ;# 
   187  0093                     # 2062 "/opt/microchip/xc8/v2.00/pic/include/pic16f887.h"
   188                           MSK equ 093h ;# 
   189  0093                     # 2179 "/opt/microchip/xc8/v2.00/pic/include/pic16f887.h"
   190                           SSPSTAT equ 094h ;# 
   191  0094                     # 2348 "/opt/microchip/xc8/v2.00/pic/include/pic16f887.h"
   192                           WPUB equ 095h ;# 
   193  0095                     # 2418 "/opt/microchip/xc8/v2.00/pic/include/pic16f887.h"
   194                           IOCB equ 096h ;# 
   195  0096                     # 2488 "/opt/microchip/xc8/v2.00/pic/include/pic16f887.h"
   196                           VRCON equ 097h ;# 
   197  0097                     # 2558 "/opt/microchip/xc8/v2.00/pic/include/pic16f887.h"
   198                           TXSTA equ 098h ;# 
   199  0098                     # 2644 "/opt/microchip/xc8/v2.00/pic/include/pic16f887.h"
   200                           SPBRG equ 099h ;# 
   201  0099                     # 2706 "/opt/microchip/xc8/v2.00/pic/include/pic16f887.h"
   202                           SPBRGH equ 09Ah ;# 
   203  009A                     # 2776 "/opt/microchip/xc8/v2.00/pic/include/pic16f887.h"
   204                           PWM1CON equ 09Bh ;# 
   205  009B                     # 2846 "/opt/microchip/xc8/v2.00/pic/include/pic16f887.h"
   206                           ECCPAS equ 09Ch ;# 
   207  009C                     # 2928 "/opt/microchip/xc8/v2.00/pic/include/pic16f887.h"
   208                           PSTRCON equ 09Dh ;# 
   209  009D                     # 2972 "/opt/microchip/xc8/v2.00/pic/include/pic16f887.h"
   210                           ADRESL equ 09Eh ;# 
   211  009E                     # 2979 "/opt/microchip/xc8/v2.00/pic/include/pic16f887.h"
   212                           ADCON1 equ 09Fh ;# 
   213  009F                     # 3013 "/opt/microchip/xc8/v2.00/pic/include/pic16f887.h"
   214                           WDTCON equ 0105h ;# 
   215  0105                     # 3066 "/opt/microchip/xc8/v2.00/pic/include/pic16f887.h"
   216                           CM1CON0 equ 0107h ;# 
   217  0107                     # 3131 "/opt/microchip/xc8/v2.00/pic/include/pic16f887.h"
   218                           CM2CON0 equ 0108h ;# 
   219  0108                     # 3196 "/opt/microchip/xc8/v2.00/pic/include/pic16f887.h"
   220                           CM2CON1 equ 0109h ;# 
   221  0109                     # 3247 "/opt/microchip/xc8/v2.00/pic/include/pic16f887.h"
   222                           EEDATA equ 010Ch ;# 
   223  010C                     # 3252 "/opt/microchip/xc8/v2.00/pic/include/pic16f887.h"
   224                           EEDAT equ 010Ch ;# 
   225  010C                     # 3259 "/opt/microchip/xc8/v2.00/pic/include/pic16f887.h"
   226                           EEADR equ 010Dh ;# 
   227  010D                     # 3266 "/opt/microchip/xc8/v2.00/pic/include/pic16f887.h"
   228                           EEDATH equ 010Eh ;# 
   229  010E                     # 3273 "/opt/microchip/xc8/v2.00/pic/include/pic16f887.h"
   230                           EEADRH equ 010Fh ;# 
   231  010F                     # 3280 "/opt/microchip/xc8/v2.00/pic/include/pic16f887.h"
   232                           SRCON equ 0185h ;# 
   233  0185                     # 3337 "/opt/microchip/xc8/v2.00/pic/include/pic16f887.h"
   234                           BAUDCTL equ 0187h ;# 
   235  0187                     # 3389 "/opt/microchip/xc8/v2.00/pic/include/pic16f887.h"
   236                           ANSEL equ 0188h ;# 
   237  0188                     # 3451 "/opt/microchip/xc8/v2.00/pic/include/pic16f887.h"
   238                           ANSELH equ 0189h ;# 
   239  0189                     # 3501 "/opt/microchip/xc8/v2.00/pic/include/pic16f887.h"
   240                           EECON1 equ 018Ch ;# 
   241  018C                     # 3546 "/opt/microchip/xc8/v2.00/pic/include/pic16f887.h"
   242                           EECON2 equ 018Dh ;# 
   243  018D                     # 54 "/opt/microchip/xc8/v2.00/pic/include/pic16f887.h"
   244                           INDF equ 00h ;# 
   245  0000                     # 61 "/opt/microchip/xc8/v2.00/pic/include/pic16f887.h"
   246                           TMR0 equ 01h ;# 
   247  0001                     # 68 "/opt/microchip/xc8/v2.00/pic/include/pic16f887.h"
   248                           PCL equ 02h ;# 
   249  0002                     # 75 "/opt/microchip/xc8/v2.00/pic/include/pic16f887.h"
   250                           STATUS equ 03h ;# 
   251  0003                     # 161 "/opt/microchip/xc8/v2.00/pic/include/pic16f887.h"
   252                           FSR equ 04h ;# 
   253  0004                     # 168 "/opt/microchip/xc8/v2.00/pic/include/pic16f887.h"
   254                           PORTA equ 05h ;# 
   255  0005                     # 230 "/opt/microchip/xc8/v2.00/pic/include/pic16f887.h"
   256                           PORTB equ 06h ;# 
   257  0006                     # 292 "/opt/microchip/xc8/v2.00/pic/include/pic16f887.h"
   258                           PORTC equ 07h ;# 
   259  0007                     # 354 "/opt/microchip/xc8/v2.00/pic/include/pic16f887.h"
   260                           PORTD equ 08h ;# 
   261  0008                     # 416 "/opt/microchip/xc8/v2.00/pic/include/pic16f887.h"
   262                           PORTE equ 09h ;# 
   263  0009                     # 454 "/opt/microchip/xc8/v2.00/pic/include/pic16f887.h"
   264                           PCLATH equ 0Ah ;# 
   265  000A                     # 461 "/opt/microchip/xc8/v2.00/pic/include/pic16f887.h"
   266                           INTCON equ 0Bh ;# 
   267  000B                     # 539 "/opt/microchip/xc8/v2.00/pic/include/pic16f887.h"
   268                           PIR1 equ 0Ch ;# 
   269  000C                     # 595 "/opt/microchip/xc8/v2.00/pic/include/pic16f887.h"
   270                           PIR2 equ 0Dh ;# 
   271  000D                     # 652 "/opt/microchip/xc8/v2.00/pic/include/pic16f887.h"
   272                           TMR1 equ 0Eh ;# 
   273  000E                     # 659 "/opt/microchip/xc8/v2.00/pic/include/pic16f887.h"
   274                           TMR1L equ 0Eh ;# 
   275  000E                     # 666 "/opt/microchip/xc8/v2.00/pic/include/pic16f887.h"
   276                           TMR1H equ 0Fh ;# 
   277  000F                     # 673 "/opt/microchip/xc8/v2.00/pic/include/pic16f887.h"
   278                           T1CON equ 010h ;# 
   279  0010                     # 767 "/opt/microchip/xc8/v2.00/pic/include/pic16f887.h"
   280                           TMR2 equ 011h ;# 
   281  0011                     # 774 "/opt/microchip/xc8/v2.00/pic/include/pic16f887.h"
   282                           T2CON equ 012h ;# 
   283  0012                     # 845 "/opt/microchip/xc8/v2.00/pic/include/pic16f887.h"
   284                           SSPBUF equ 013h ;# 
   285  0013                     # 852 "/opt/microchip/xc8/v2.00/pic/include/pic16f887.h"
   286                           SSPCON equ 014h ;# 
   287  0014                     # 922 "/opt/microchip/xc8/v2.00/pic/include/pic16f887.h"
   288                           CCPR1 equ 015h ;# 
   289  0015                     # 929 "/opt/microchip/xc8/v2.00/pic/include/pic16f887.h"
   290                           CCPR1L equ 015h ;# 
   291  0015                     # 936 "/opt/microchip/xc8/v2.00/pic/include/pic16f887.h"
   292                           CCPR1H equ 016h ;# 
   293  0016                     # 943 "/opt/microchip/xc8/v2.00/pic/include/pic16f887.h"
   294                           CCP1CON equ 017h ;# 
   295  0017                     # 1040 "/opt/microchip/xc8/v2.00/pic/include/pic16f887.h"
   296                           RCSTA equ 018h ;# 
   297  0018                     # 1135 "/opt/microchip/xc8/v2.00/pic/include/pic16f887.h"
   298                           TXREG equ 019h ;# 
   299  0019                     # 1142 "/opt/microchip/xc8/v2.00/pic/include/pic16f887.h"
   300                           RCREG equ 01Ah ;# 
   301  001A                     # 1149 "/opt/microchip/xc8/v2.00/pic/include/pic16f887.h"
   302                           CCPR2 equ 01Bh ;# 
   303  001B                     # 1156 "/opt/microchip/xc8/v2.00/pic/include/pic16f887.h"
   304                           CCPR2L equ 01Bh ;# 
   305  001B                     # 1163 "/opt/microchip/xc8/v2.00/pic/include/pic16f887.h"
   306                           CCPR2H equ 01Ch ;# 
   307  001C                     # 1170 "/opt/microchip/xc8/v2.00/pic/include/pic16f887.h"
   308                           CCP2CON equ 01Dh ;# 
   309  001D                     # 1240 "/opt/microchip/xc8/v2.00/pic/include/pic16f887.h"
   310                           ADRESH equ 01Eh ;# 
   311  001E                     # 1247 "/opt/microchip/xc8/v2.00/pic/include/pic16f887.h"
   312                           ADCON0 equ 01Fh ;# 
   313  001F                     # 1348 "/opt/microchip/xc8/v2.00/pic/include/pic16f887.h"
   314                           OPTION_REG equ 081h ;# 
   315  0081                     # 1418 "/opt/microchip/xc8/v2.00/pic/include/pic16f887.h"
   316                           TRISA equ 085h ;# 
   317  0085                     # 1480 "/opt/microchip/xc8/v2.00/pic/include/pic16f887.h"
   318                           TRISB equ 086h ;# 
   319  0086                     # 1542 "/opt/microchip/xc8/v2.00/pic/include/pic16f887.h"
   320                           TRISC equ 087h ;# 
   321  0087                     # 1604 "/opt/microchip/xc8/v2.00/pic/include/pic16f887.h"
   322                           TRISD equ 088h ;# 
   323  0088                     # 1666 "/opt/microchip/xc8/v2.00/pic/include/pic16f887.h"
   324                           TRISE equ 089h ;# 
   325  0089                     # 1704 "/opt/microchip/xc8/v2.00/pic/include/pic16f887.h"
   326                           PIE1 equ 08Ch ;# 
   327  008C                     # 1760 "/opt/microchip/xc8/v2.00/pic/include/pic16f887.h"
   328                           PIE2 equ 08Dh ;# 
   329  008D                     # 1817 "/opt/microchip/xc8/v2.00/pic/include/pic16f887.h"
   330                           PCON equ 08Eh ;# 
   331  008E                     # 1864 "/opt/microchip/xc8/v2.00/pic/include/pic16f887.h"
   332                           OSCCON equ 08Fh ;# 
   333  008F                     # 1929 "/opt/microchip/xc8/v2.00/pic/include/pic16f887.h"
   334                           OSCTUNE equ 090h ;# 
   335  0090                     # 1981 "/opt/microchip/xc8/v2.00/pic/include/pic16f887.h"
   336                           SSPCON2 equ 091h ;# 
   337  0091                     # 2043 "/opt/microchip/xc8/v2.00/pic/include/pic16f887.h"
   338                           PR2 equ 092h ;# 
   339  0092                     # 2050 "/opt/microchip/xc8/v2.00/pic/include/pic16f887.h"
   340                           SSPADD equ 093h ;# 
   341  0093                     # 2057 "/opt/microchip/xc8/v2.00/pic/include/pic16f887.h"
   342                           SSPMSK equ 093h ;# 
   343  0093                     # 2062 "/opt/microchip/xc8/v2.00/pic/include/pic16f887.h"
   344                           MSK equ 093h ;# 
   345  0093                     # 2179 "/opt/microchip/xc8/v2.00/pic/include/pic16f887.h"
   346                           SSPSTAT equ 094h ;# 
   347  0094                     # 2348 "/opt/microchip/xc8/v2.00/pic/include/pic16f887.h"
   348                           WPUB equ 095h ;# 
   349  0095                     # 2418 "/opt/microchip/xc8/v2.00/pic/include/pic16f887.h"
   350                           IOCB equ 096h ;# 
   351  0096                     # 2488 "/opt/microchip/xc8/v2.00/pic/include/pic16f887.h"
   352                           VRCON equ 097h ;# 
   353  0097                     # 2558 "/opt/microchip/xc8/v2.00/pic/include/pic16f887.h"
   354                           TXSTA equ 098h ;# 
   355  0098                     # 2644 "/opt/microchip/xc8/v2.00/pic/include/pic16f887.h"
   356                           SPBRG equ 099h ;# 
   357  0099                     # 2706 "/opt/microchip/xc8/v2.00/pic/include/pic16f887.h"
   358                           SPBRGH equ 09Ah ;# 
   359  009A                     # 2776 "/opt/microchip/xc8/v2.00/pic/include/pic16f887.h"
   360                           PWM1CON equ 09Bh ;# 
   361  009B                     # 2846 "/opt/microchip/xc8/v2.00/pic/include/pic16f887.h"
   362                           ECCPAS equ 09Ch ;# 
   363  009C                     # 2928 "/opt/microchip/xc8/v2.00/pic/include/pic16f887.h"
   364                           PSTRCON equ 09Dh ;# 
   365  009D                     # 2972 "/opt/microchip/xc8/v2.00/pic/include/pic16f887.h"
   366                           ADRESL equ 09Eh ;# 
   367  009E                     # 2979 "/opt/microchip/xc8/v2.00/pic/include/pic16f887.h"
   368                           ADCON1 equ 09Fh ;# 
   369  009F                     # 3013 "/opt/microchip/xc8/v2.00/pic/include/pic16f887.h"
   370                           WDTCON equ 0105h ;# 
   371  0105                     # 3066 "/opt/microchip/xc8/v2.00/pic/include/pic16f887.h"
   372                           CM1CON0 equ 0107h ;# 
   373  0107                     # 3131 "/opt/microchip/xc8/v2.00/pic/include/pic16f887.h"
   374                           CM2CON0 equ 0108h ;# 
   375  0108                     # 3196 "/opt/microchip/xc8/v2.00/pic/include/pic16f887.h"
   376                           CM2CON1 equ 0109h ;# 
   377  0109                     # 3247 "/opt/microchip/xc8/v2.00/pic/include/pic16f887.h"
   378                           EEDATA equ 010Ch ;# 
   379  010C                     # 3252 "/opt/microchip/xc8/v2.00/pic/include/pic16f887.h"
   380                           EEDAT equ 010Ch ;# 
   381  010C                     # 3259 "/opt/microchip/xc8/v2.00/pic/include/pic16f887.h"
   382                           EEADR equ 010Dh ;# 
   383  010D                     # 3266 "/opt/microchip/xc8/v2.00/pic/include/pic16f887.h"
   384                           EEDATH equ 010Eh ;# 
   385  010E                     # 3273 "/opt/microchip/xc8/v2.00/pic/include/pic16f887.h"
   386                           EEADRH equ 010Fh ;# 
   387  010F                     # 3280 "/opt/microchip/xc8/v2.00/pic/include/pic16f887.h"
   388                           SRCON equ 0185h ;# 
   389  0185                     # 3337 "/opt/microchip/xc8/v2.00/pic/include/pic16f887.h"
   390                           BAUDCTL equ 0187h ;# 
   391  0187                     # 3389 "/opt/microchip/xc8/v2.00/pic/include/pic16f887.h"
   392                           ANSEL equ 0188h ;# 
   393  0188                     # 3451 "/opt/microchip/xc8/v2.00/pic/include/pic16f887.h"
   394                           ANSELH equ 0189h ;# 
   395  0189                     # 3501 "/opt/microchip/xc8/v2.00/pic/include/pic16f887.h"
   396                           EECON1 equ 018Ch ;# 
   397  018C                     # 3546 "/opt/microchip/xc8/v2.00/pic/include/pic16f887.h"
   398                           EECON2 equ 018Dh ;# 
   399  018D                     	FNCALL	_main,___bmul
   400                           	FNROOT	_main
   401                           	global	_TXREG
   402                           _TXREG	set	0x19
   403  0019                     	global	_PIR1bits
   404                           _PIR1bits	set	0xC
   405  000C                     	global	_ADCON0bits
   406                           _ADCON0bits	set	0x1F
   407  001F                     	global	_RCSTAbits
   408                           _RCSTAbits	set	0x18
   409  0018                     	global	_ADRESL
   410                           _ADRESL	set	0x9E
   411  009E                     	global	_ADCON1bits
   412                           _ADCON1bits	set	0x9F
   413  009F                     	global	_TRISA
   414                           _TRISA	set	0x85
   415  0085                     	global	_TXSTAbits
   416                           _TXSTAbits	set	0x98
   417  0098                     	global	_SPBRG
   418                           _SPBRG	set	0x99
   419  0099                     	global	_ANSEL
   420                           _ANSEL	set	0x188
   421  0188                     ; #config settings
   422                           global __CFG_FOSC$INTRC_CLKOUT
   423                           __CFG_FOSC$INTRC_CLKOUT equ 0x0
   424  0000                     global __CFG_WDTE$OFF
   425                           __CFG_WDTE$OFF equ 0x0
   426  0000                     	file	"/tmp/xcXzLpwSh"
   427                           	line	#
   428                           psect cinit,class=CODE,delta=2
   429                           global start_initialization
   430                           start_initialization:
   431  07FC                     
   432                           global __initialization
   433                           __initialization:
   434  07FC                     psect cinit,class=CODE,delta=2,merge=1
   435                           global end_of_initialization,__end_of__initialization
   436                           
   437                           ;End of C runtime variable initialization code
   438                           
   439                           end_of_initialization:
   440  07FC                     __end_of__initialization:
   441  07FC                     clrf status
   442  07FC  0183               ljmp _main	;jump to C main() function
   443  07FD  120A  118A  2F9C   psect	cstackCOMMON,class=COMMON,space=1,noexec
   444                           global __pcstackCOMMON
   445                           __pcstackCOMMON:
   446  0070                     ?_main:	; 1 bytes @ 0x0
   447  0070                     ?___bmul:	; 1 bytes @ 0x0
   448  0070                     	global	___bmul@multiplicand
   449                           ___bmul@multiplicand:	; 1 bytes @ 0x0
   450  0070                     	ds	1
   451  0070                     ??___bmul:	; 1 bytes @ 0x1
   452  0071                     	ds	1
   453  0071                     	global	___bmul@product
   454                           ___bmul@product:	; 1 bytes @ 0x2
   455  0072                     	ds	1
   456  0072                     	global	___bmul@multiplier
   457                           ___bmul@multiplier:	; 1 bytes @ 0x3
   458  0073                     	ds	1
   459  0073                     ??_main:	; 1 bytes @ 0x4
   460  0074                     	ds	3
   461  0074                     	global	main@res
   462                           main@res:	; 1 bytes @ 0x7
   463  0077                     	ds	1
   464  0077                     ;!
   465                           ;!Data Sizes:
   466                           ;!    Strings     0
   467                           ;!    Constant    0
   468                           ;!    Data        0
   469                           ;!    BSS         0
   470                           ;!    Persistent  0
   471                           ;!    Stack       0
   472                           ;!
   473                           ;!Auto Spaces:
   474                           ;!    Space          Size  Autos    Used
   475                           ;!    COMMON           14      8       8
   476                           ;!    BANK0            80      0       0
   477                           ;!    BANK1            80      0       0
   478                           ;!    BANK3            96      0       0
   479                           ;!    BANK2            96      0       0
   480                           
   481                           ;!
   482                           ;!Pointer List with Targets:
   483                           ;!
   484                           ;!    None.
   485                           
   486                           
   487                           ;!
   488                           ;!Critical Paths under _main in COMMON
   489                           ;!
   490                           ;!    _main->___bmul
   491                           ;!
   492                           ;!Critical Paths under _main in BANK0
   493                           ;!
   494                           ;!    None.
   495                           ;!
   496                           ;!Critical Paths under _main in BANK1
   497                           ;!
   498                           ;!    None.
   499                           ;!
   500                           ;!Critical Paths under _main in BANK3
   501                           ;!
   502                           ;!    None.
   503                           ;!
   504                           ;!Critical Paths under _main in BANK2
   505                           ;!
   506                           ;!    None.
   507                           
   508 ;;
   509 ;;Main: autosize = 0, tempsize = 3, incstack = 0, save=0
   510 ;;
   511                           
   512                           ;!
   513                           ;!Call Graph Tables:
   514                           ;!
   515                           ;! ---------------------------------------------------------------------------------
   516                           ;! (Depth) Function   	        Calls       Base Space   Used Autos Params    Refs
   517                           ;! ---------------------------------------------------------------------------------
   518                           ;! (0) _main                                                 6     6      0     216
   519                           ;!                                              4 COMMON     4     4      0
   520                           ;!                             ___bmul
   521                           ;! ---------------------------------------------------------------------------------
   522                           ;! (1) ___bmul                                               4     3      1     168
   523                           ;!                                              0 COMMON     4     3      1
   524                           ;! ---------------------------------------------------------------------------------
   525                           ;! Estimated maximum stack depth 1
   526                           ;! ---------------------------------------------------------------------------------
   527                           ;!
   528                           ;! Call Graph Graphs:
   529                           ;!
   530                           ;! _main (ROOT)
   531                           ;!   ___bmul
   532                           ;!
   533                           
   534                           ;! Address spaces:
   535                           
   536                           ;!Name               Size   Autos  Total    Cost      Usage
   537                           ;!BITCOMMON            E      0       0       0        0.0%
   538                           ;!EEDATA             100      0       0       0        0.0%
   539                           ;!NULL                 0      0       0       0        0.0%
   540                           ;!CODE                 0      0       0       0        0.0%
   541                           ;!COMMON               E      8       8       1       57.1%
   542                           ;!BITSFR0              0      0       0       1        0.0%
   543                           ;!SFR0                 0      0       0       1        0.0%
   544                           ;!BITSFR1              0      0       0       2        0.0%
   545                           ;!SFR1                 0      0       0       2        0.0%
   546                           ;!STACK                0      0       0       2        0.0%
   547                           ;!ABS                  0      0       0       3        0.0%
   548                           ;!BITBANK0            50      0       0       4        0.0%
   549                           ;!BITSFR3              0      0       0       4        0.0%
   550                           ;!SFR3                 0      0       0       4        0.0%
   551                           ;!BANK0               50      0       0       5        0.0%
   552                           ;!BITSFR2              0      0       0       5        0.0%
   553                           ;!SFR2                 0      0       0       5        0.0%
   554                           ;!BITBANK1            50      0       0       6        0.0%
   555                           ;!BANK1               50      0       0       7        0.0%
   556                           ;!BITBANK3            60      0       0       8        0.0%
   557                           ;!BANK3               60      0       0       9        0.0%
   558                           ;!BITBANK2            60      0       0      10        0.0%
   559                           ;!BANK2               60      0       0      11        0.0%
   560                           ;!DATA                 0      0       0      12        0.0%
   561                           
   562                           	global	_main
   563                           
   564 ;; *************** function _main *****************
   565 ;; Defined at:
   566 ;;		line 20 in file "adc.c"
   567 ;; Parameters:    Size  Location     Type
   568 ;;		None
   569 ;; Auto vars:     Size  Location     Type
   570 ;;  res             1    7[COMMON] unsigned char 
   571 ;;  lsb             1    0        unsigned char 
   572 ;;  msb             1    0        unsigned char 
   573 ;; Return value:  Size  Location     Type
   574 ;;                  1    wreg      void 
   575 ;; Registers used:
   576 ;;		wreg, status,2, status,0, pclath, cstack
   577 ;; Tracked objects:
   578 ;;		On entry : B00/0
   579 ;;		On exit  : 0/0
   580 ;;		Unchanged: 0/0
   581 ;; Data sizes:     COMMON   BANK0   BANK1   BANK3   BANK2
   582 ;;      Params:         0       0       0       0       0
   583 ;;      Locals:         1       0       0       0       0
   584 ;;      Temps:          3       0       0       0       0
   585 ;;      Totals:         4       0       0       0       0
   586 ;;Total ram usage:        4 bytes
   587 ;; Hardware stack levels required when called:    1
   588 ;; This function calls:
   589 ;;		___bmul
   590 ;; This function is called by:
   591 ;;		Startup code after reset
   592 ;; This function uses a non-reentrant model
   593 ;;
   594                           psect	maintext,global,class=CODE,delta=2,split=1,group=0
   595                           	file	"adc.c"
   596                           	line	20
   597                           global __pmaintext
   598                           __pmaintext:	;psect for function _main
   599  079C                     psect	maintext
   600                           	file	"adc.c"
   601                           	line	20
   602                           	global	__size_of_main
   603                           	__size_of_main	equ	__end_of_main-_main
   604  0060                     	
   605                           _main:	
   606  079C                     ;incstack = 0
   607                           	opt	stack 7
   608                           ; Regs used in _main: [wreg+status,2+status,0+pclath+cstack]
   609                           	line	25
   610                           	
   611                           l677:	
   612  079C                     ;adc.c: 21:     ANSEL = 1;;adc.c: 25: 
   613                           	movlw	low(019h)
   614  079C  3019               	bsf	status, 5	;RP0=1, select bank1
   615  079D  1683               	bcf	status, 6	;RP1=0, select bank1
   616  079E  1303               	movwf	(153)^080h	;volatile
   617  079F  0099               	line	28
   618                           	
   619                           l679:	
   620  07A0                     ;adc.c: 28: 
   621                           	bsf	(152)^080h,5	;volatile
   622  07A0  1698               	line	29
   623                           	
   624                           l681:	
   625  07A1                     ;adc.c: 29: 
   626                           	bsf	(152)^080h,2	;volatile
   627  07A1  1518               	line	30
   628                           	
   629                           l683:	
   630  07A2                     ;adc.c: 30:     ADCON0bits.CHS = 0b0011;
   631                           	bcf	status, 5	;RP0=0, select bank0
   632  07A2  1283               	bcf	status, 6	;RP1=0, select bank0
   633  07A3  1303               	bsf	(24),7	;volatile
   634  07A4  1798               	line	31
   635                           	
   636                           l685:	
   637  07A5                     ;adc.c: 31: 
   638                           	bsf	(24),4	;volatile
   639  07A5  1618               	line	35
   640                           ;adc.c: 35: 
   641                           	movlw	low(0FFh)
   642  07A6  30FF               	bsf	status, 5	;RP0=1, select bank1
   643  07A7  1683               	bcf	status, 6	;RP1=0, select bank1
   644  07A8  1303               	movwf	(133)^080h	;volatile
   645  07A9  0085               	line	36
   646                           ;adc.c: 36: 
   647                           	movlw	low(01h)
   648  07AA  3001               	bsf	status, 5	;RP0=1, select bank3
   649  07AB  1683               	bsf	status, 6	;RP1=1, select bank3
   650  07AC  1703               	movwf	(392)^0180h	;volatile
   651  07AD  0088               	line	42
   652                           	
   653                           l687:	
   654  07AE                     ;adc.c: 42: 
   655                           	bcf	status, 5	;RP0=0, select bank0
   656  07AE  1283               	bcf	status, 6	;RP1=0, select bank0
   657  07AF  1303               	movf	(31),w	;volatile
   658  07B0  081F               	andlw	not (((1<<2)-1)<<6)
   659  07B1  393F               	iorlw	(01h & ((1<<2)-1))<<6
   660  07B2  3840               	movwf	(31)	;volatile
   661  07B3  009F               	line	45
   662                           	
   663                           l689:	
   664  07B4                     ;adc.c: 45: 
   665                           	movf	(31),w	;volatile
   666  07B4  081F               	andlw	not (((1<<4)-1)<<2)
   667  07B5  39C3               	iorlw	(03h & ((1<<4)-1))<<2
   668  07B6  380C               	movwf	(31)	;volatile
   669  07B7  009F               	line	49
   670                           	
   671                           l691:	
   672  07B8                     ;adc.c: 49: 
   673                           	bsf	(31),0	;volatile
   674  07B8  141F               	line	55
   675                           	
   676                           l693:	
   677  07B9                     ;adc.c: 55: 
   678                           	bsf	status, 5	;RP0=1, select bank1
   679  07B9  1683               	bcf	status, 6	;RP1=0, select bank1
   680  07BA  1303               	bsf	(159)^080h,7	;volatile
   681  07BB  179F               	line	58
   682                           	
   683                           l695:	
   684  07BC                     ;adc.c: 58:             __nop();
   685                           	bcf	(159)^080h,5	;volatile
   686  07BC  129F               	line	59
   687                           	
   688                           l697:	
   689  07BD                     ;adc.c: 59:         }
   690                           	bcf	(159)^080h,4	;volatile
   691  07BD  121F               	line	61
   692                           ;adc.c: 61: 
   693                           	
   694                           l31:	
   695  07BE                     	line	62
   696                           ;adc.c: 62:         res = ADRESH * 256;
   697                           	opt asmopt_push
   698                           opt asmopt_off
   699                           movlw  6
   700  07BE  3006               movwf	((??_main+0)+0+2),f
   701  07BF  00F6               movlw	19
   702  07C0  3013               movwf	((??_main+0)+0+1),f
   703  07C1  00F5               	movlw	173
   704  07C2  30AD               movwf	((??_main+0)+0),f
   705  07C3  00F4               	u97:
   706  07C4                     decfsz	((??_main+0)+0),f
   707  07C4  0BF4               	goto	u97
   708  07C5  2FC4               	decfsz	((??_main+0)+0+1),f
   709  07C6  0BF5               	goto	u97
   710  07C7  2FC4               	decfsz	((??_main+0)+0+2),f
   711  07C8  0BF6               	goto	u97
   712  07C9  2FC4               	nop2
   713  07CA  2FCB               opt asmopt_pop
   714                           
   715                           	line	65
   716                           	
   717                           l699:	
   718  07CB                     ;adc.c: 65: 
   719                           	bcf	status, 5	;RP0=0, select bank0
   720  07CB  1283               	bcf	status, 6	;RP1=0, select bank0
   721  07CC  1303               	bsf	(31),1	;volatile
   722  07CD  149F               	line	72
   723                           ;adc.c: 72:         PIR1bits.ADIF = 0;
   724                           	goto	l32
   725  07CE  2FD0               	
   726                           l33:	
   727  07CF                     	line	73
   728                           ;adc.c: 73:     }
   729                           	opt	asmopt_push
   730                           	opt	asmopt_off
   731                           	nop
   732  07CF  0000               	opt	asmopt_pop
   733                           	line	74
   734                           ;adc.c: 74: }
   735                           	
   736                           l32:	
   737  07D0                     	line	72
   738                           ;adc.c: 72:         PIR1bits.ADIF = 0;
   739                           	bcf	status, 5	;RP0=0, select bank0
   740  07D0  1283               	bcf	status, 6	;RP1=0, select bank0
   741  07D1  1303               	btfss	(12),6	;volatile
   742  07D2  1F0C               	goto	u71
   743  07D3  2FD5               	goto	u70
   744  07D4  2FD6               u71:
   745  07D5                     	goto	l33
   746  07D5  2FCF               u70:
   747  07D6                     	goto	l701
   748  07D6  2FD7               	
   749                           l34:	
   750  07D7                     	line	77
   751                           	
   752                           l701:	
   753  07D7                     	clrf	(main@res)
   754  07D7  01F7               	line	78
   755                           	
   756                           l703:	
   757  07D8                     	bsf	status, 5	;RP0=1, select bank1
   758  07D8  1683               	bcf	status, 6	;RP1=0, select bank1
   759  07D9  1303               	movf	(158)^080h,w	;volatile
   760  07DA  081E               	movwf	(??_main+0)+0
   761  07DB  00F4               	movf	(??_main+0)+0,w
   762  07DC  0874               	addwf	(main@res),f
   763  07DD  07F7               	line	81
   764                           	
   765                           l705:	
   766  07DE                     	clrf	(main@res)
   767  07DE  01F7               	line	82
   768                           	
   769                           l707:	
   770  07DF                     	movf	(main@res),w
   771  07DF  0877               	movwf	(??_main+0)+0
   772  07E0  00F4               	movf	(??_main+0)+0,w
   773  07E1  0874               	movwf	(___bmul@multiplicand)
   774  07E2  00F0               	movlw	low(064h)
   775  07E3  3064               	fcall	___bmul
   776  07E4  120A  118A  2783  120A  118A  	movwf	(??_main+1)+0
   777  07E9  00F5               	movf	(??_main+1)+0,w
   778  07EA  0875               	movwf	(main@res)
   779  07EB  00F7               	line	84
   780                           	goto	l35
   781  07EC  2FED               	
   782                           l36:	
   783  07ED                     	
   784                           l35:	
   785  07ED                     	bcf	status, 5	;RP0=0, select bank0
   786  07ED  1283               	bcf	status, 6	;RP1=0, select bank0
   787  07EE  1303               	btfss	(12),4	;volatile
   788  07EF  1E0C               	goto	u81
   789  07F0  2FF2               	goto	u80
   790  07F1  2FF3               u81:
   791  07F2                     	goto	l35
   792  07F2  2FED               u80:
   793  07F3                     	goto	l709
   794  07F3  2FF4               	
   795                           l37:	
   796  07F4                     	line	85
   797                           	
   798                           l709:	
   799  07F4                     	movf	(main@res),w
   800  07F4  0877               	movwf	(25)	;volatile
   801  07F5  0099               	line	87
   802                           	
   803                           l711:	
   804  07F6                     	bcf	(12),6	;volatile
   805  07F6  130C               	goto	l31
   806  07F7  2FBE               	line	88
   807                           	
   808                           l38:	
   809  07F8                     	goto	l31
   810  07F8  2FBE               	
   811                           l39:	
   812  07F9                     	line	89
   813                           	
   814                           l40:	
   815  07F9                     	global	start
   816                           	ljmp	start
   817  07F9  120A  118A  2800   	opt stack 0
   818                           GLOBAL	__end_of_main
   819                           	__end_of_main:
   820  07FC                     	signat	_main,89
   821                           	global	___bmul
   822                           
   823 ;; *************** function ___bmul *****************
   824 ;; Defined at:
   825 ;;		line 4 in file "/opt/microchip/xc8/v2.00/pic/sources/c90/common/Umul8.c"
   826 ;; Parameters:    Size  Location     Type
   827 ;;  multiplier      1    wreg     unsigned char 
   828 ;;  multiplicand    1    0[COMMON] unsigned char 
   829 ;; Auto vars:     Size  Location     Type
   830 ;;  multiplier      1    3[COMMON] unsigned char 
   831 ;;  product         1    2[COMMON] unsigned char 
   832 ;; Return value:  Size  Location     Type
   833 ;;                  1    wreg      unsigned char 
   834 ;; Registers used:
   835 ;;		wreg, status,2, status,0
   836 ;; Tracked objects:
   837 ;;		On entry : 0/0
   838 ;;		On exit  : 0/0
   839 ;;		Unchanged: 0/0
   840 ;; Data sizes:     COMMON   BANK0   BANK1   BANK3   BANK2
   841 ;;      Params:         1       0       0       0       0
   842 ;;      Locals:         2       0       0       0       0
   843 ;;      Temps:          1       0       0       0       0
   844 ;;      Totals:         4       0       0       0       0
   845 ;;Total ram usage:        4 bytes
   846 ;; Hardware stack levels used:    1
   847 ;; This function calls:
   848 ;;		Nothing
   849 ;; This function is called by:
   850 ;;		_main
   851 ;; This function uses a non-reentrant model
   852 ;;
   853                           psect	text1,local,class=CODE,delta=2,merge=1,group=1
   854                           	file	"/opt/microchip/xc8/v2.00/pic/sources/c90/common/Umul8.c"
   855                           	line	4
   856                           global __ptext1
   857                           __ptext1:	;psect for function ___bmul
   858  0783                     psect	text1
   859                           	file	"/opt/microchip/xc8/v2.00/pic/sources/c90/common/Umul8.c"
   860                           	line	4
   861                           	global	__size_of___bmul
   862                           	__size_of___bmul	equ	__end_of___bmul-___bmul
   863  0019                     	
   864                           ___bmul:	
   865  0783                     ;incstack = 0
   866                           	opt	stack 7
   867                           ; Regs used in ___bmul: [wreg+status,2+status,0]
   868                           ;___bmul@multiplier stored from wreg
   869                           	movwf	(___bmul@multiplier)
   870  0783  00F3               	line	6
   871                           	
   872                           l663:	
   873  0784                     	clrf	(___bmul@product)
   874  0784  01F2               	goto	l665
   875  0785  2F86               	line	42
   876                           	
   877                           l149:	
   878  0786                     	line	43
   879                           	
   880                           l665:	
   881  0786                     	btfss	(___bmul@multiplier),(0)&7
   882  0786  1C73               	goto	u51
   883  0787  2F89               	goto	u50
   884  0788  2F8A               u51:
   885  0789                     	goto	l669
   886  0789  2F8F               u50:
   887  078A                     	line	44
   888                           	
   889                           l667:	
   890  078A                     	movf	(___bmul@multiplicand),w
   891  078A  0870               	movwf	(??___bmul+0)+0
   892  078B  00F1               	movf	(??___bmul+0)+0,w
   893  078C  0871               	addwf	(___bmul@product),f
   894  078D  07F2               	goto	l669
   895  078E  2F8F               	
   896                           l150:	
   897  078F                     	line	45
   898                           	
   899                           l669:	
   900  078F                     	clrc
   901  078F  1003               	rlf	(___bmul@multiplicand),f
   902  0790  0DF0               
   903                           	line	46
   904                           	
   905                           l671:	
   906  0791                     	clrc
   907  0791  1003               	rrf	(___bmul@multiplier),f
   908  0792  0CF3               
   909                           	line	47
   910                           	movf	((___bmul@multiplier)),w
   911  0793  0873               	btfss	status,2
   912  0794  1D03               	goto	u61
   913  0795  2F97               	goto	u60
   914  0796  2F98               u61:
   915  0797                     	goto	l665
   916  0797  2F86               u60:
   917  0798                     	goto	l673
   918  0798  2F99               	
   919                           l151:	
   920  0799                     	line	50
   921                           	
   922                           l673:	
   923  0799                     	movf	(___bmul@product),w
   924  0799  0872               	goto	l152
   925  079A  2F9B               	
   926                           l675:	
   927  079B                     	line	51
   928                           	
   929                           l152:	
   930  079B                     	return
   931  079B  0008               	opt stack 0
   932                           GLOBAL	__end_of___bmul
   933                           	__end_of___bmul:
   934  079C                     	signat	___bmul,8313
   935                           global	___latbits
   936                           ___latbits	equ	2
   937  0002                     	global	btemp
   938                           	btemp set 07Eh
   939  007E                     
   940                           	DABS	1,126,2	;btemp
   941                           	global	wtemp0
   942                           	wtemp0 set btemp+0
   943  007E                     	end


Data Sizes:
    Strings     0
    Constant    0
    Data        0
    BSS         0
    Persistent  0
    Stack       0

Auto Spaces:
    Space          Size  Autos    Used
    COMMON           14      8       8
    BANK0            80      0       0
    BANK1            80      0       0
    BANK3            96      0       0
    BANK2            96      0       0

Pointer List with Targets:

    None.

Critical Paths under _main in COMMON

    _main->___bmul

Critical Paths under _main in BANK0

    None.

Critical Paths under _main in BANK1

    None.

Critical Paths under _main in BANK3

    None.

Critical Paths under _main in BANK2

    None.

Call Graph Tables:

 ---------------------------------------------------------------------------------
 (Depth) Function   	        Calls       Base Space   Used Autos Params    Refs
 ---------------------------------------------------------------------------------
 (0) _main                                                 6     6      0     216
                                              4 COMMON     4     4      0
                             ___bmul
 ---------------------------------------------------------------------------------
 (1) ___bmul                                               4     3      1     168
                                              0 COMMON     4     3      1
 ---------------------------------------------------------------------------------
 Estimated maximum stack depth 1
 ---------------------------------------------------------------------------------

 Call Graph Graphs:

 _main (ROOT)
   ___bmul

 Address spaces:
Name               Size   Autos  Total    Cost      Usage
BITCOMMON            E      0       0       0        0.0%
EEDATA             100      0       0       0        0.0%
NULL                 0      0       0       0        0.0%
CODE                 0      0       0       0        0.0%
COMMON               E      8       8       1       57.1%
BITSFR0              0      0       0       1        0.0%
SFR0                 0      0       0       1        0.0%
BITSFR1              0      0       0       2        0.0%
SFR1                 0      0       0       2        0.0%
STACK                0      0       0       2        0.0%
ABS                  0      0       0       3        0.0%
BITBANK0            50      0       0       4        0.0%
BITSFR3              0      0       0       4        0.0%
SFR3                 0      0       0       4        0.0%
BANK0               50      0       0       5        0.0%
BITSFR2              0      0       0       5        0.0%
SFR2                 0      0       0       5        0.0%
BITBANK1            50      0       0       6        0.0%
BANK1               50      0       0       7        0.0%
BITBANK3            60      0       0       8        0.0%
BANK3               60      0       0       9        0.0%
BITBANK2            60      0       0      10        0.0%
BANK2               60      0       0      11        0.0%
DATA                 0      0       0      12        0.0%


Microchip Technology PIC Macro Assembler V2.00 build -1524193055 
Symbol Table                                                                                   Wed Dec 12 06:35:38 2018

         ___bmul@product 0072                       l31 07BE                       l40 07F9  
                     l32 07D0                       l33 07CF                       l34 07D7  
                     l35 07ED                       l36 07ED                       l37 07F4  
                     l38 07F8                       l39 07F9                       u50 078A  
                     u51 0789                       u60 0798                       u61 0797  
                     u70 07D6                       u71 07D5                       u80 07F3  
                     u81 07F2                       u97 07C4                      l150 078F  
                    l151 0799                      l152 079B                      l149 0786  
                    l701 07D7                      l711 07F6                      l703 07D8  
                    l705 07DE                      l707 07DF                      l709 07F4  
                    l671 0791                      l663 0784                      l673 0799  
                    l665 0786                      l681 07A1                      l675 079B  
                    l667 078A                      l691 07B8                      l683 07A2  
                    l669 078F                      l693 07B9                      l685 07A5  
                    l677 079C                      l695 07BC                      l687 07AE  
                    l679 07A0                      l697 07BD                      l689 07B4  
                    l699 07CB                     _main 079C                     btemp 007E  
                   start 0000        ___bmul@multiplier 0073                    ?_main 0070  
          __CFG_WDTE$OFF 0000                    _ANSEL 0188                    _SPBRG 0099  
                  _TRISA 0085                    _TXREG 0019                    status 0003  
                  wtemp0 007E          __initialization 07FC             __end_of_main 07FC  
                 ??_main 0074                   _ADRESL 009E                   ___bmul 0783  
__end_of__initialization 07FC      ___bmul@multiplicand 0070           __pcstackCOMMON 0070  
             __pmaintext 079C                  ?___bmul 0070          __size_of___bmul 0019  
                __ptext1 0783                  main@res 0077     end_of_initialization 07FC  
              _RCSTAbits 0018                _TXSTAbits 0098           __end_of___bmul 079C  
    start_initialization 07FC                 ??___bmul 0071                ___latbits 0002  
 __CFG_FOSC$INTRC_CLKOUT 0000                 _PIR1bits 000C               _ADCON0bits 001F  
             _ADCON1bits 009F            __size_of_main 0060  
